Time resolution is 1 ps
Note: First byte of RAM: 20000113
Time: 0 ps  Iteration: 0  Process: /testbench/UUT/mem_inst/sim_init_block/line__115  File: C:/Users/ceran/Documents/RTLBoriSoC/RTLBoriSoC.srcs/sources_1/new/mem.vhd
Note: Initializing memory and SoC
Time: 0 ps  Iteration: 0  Process: /testbench/line__86  File: C:/Users/ceran/Documents/RTLBoriSoC/RTLBoriSoC.sim/sim_1/testbench.vhd
Note: Memory and SoC initialized, SoC started
Time: 20 ns  Iteration: 0  Process: /testbench/line__86  File: C:/Users/ceran/Documents/RTLBoriSoC/RTLBoriSoC.sim/sim_1/testbench.vhd
Note: Instruction fetched: 00010000000000000000000010010011
Time: 30 ns  Iteration: 12  Process: /testbench/line__86  File: C:/Users/ceran/Documents/RTLBoriSoC/RTLBoriSoC.sim/sim_1/testbench.vhd
Note: Trace done
Time: 30 ns  Iteration: 12  Process: /testbench/line__86  File: C:/Users/ceran/Documents/RTLBoriSoC/RTLBoriSoC.sim/sim_1/testbench.vhd
Note: Instruction fetched: 00100000000000000000000100010011
Time: 40 ns  Iteration: 12  Process: /testbench/line__86  File: C:/Users/ceran/Documents/RTLBoriSoC/RTLBoriSoC.sim/sim_1/testbench.vhd
Note: Trace done
Time: 40 ns  Iteration: 12  Process: /testbench/line__86  File: C:/Users/ceran/Documents/RTLBoriSoC/RTLBoriSoC.sim/sim_1/testbench.vhd
Note: Instruction fetched: 00000000000000000000000110010011
Time: 50 ns  Iteration: 12  Process: /testbench/line__86  File: C:/Users/ceran/Documents/RTLBoriSoC/RTLBoriSoC.sim/sim_1/testbench.vhd
Note: Trace done
Time: 50 ns  Iteration: 12  Process: /testbench/line__86  File: C:/Users/ceran/Documents/RTLBoriSoC/RTLBoriSoC.sim/sim_1/testbench.vhd
Note: Instruction fetched: 00000000000000000000001000010011
Time: 60 ns  Iteration: 12  Process: /testbench/line__86  File: C:/Users/ceran/Documents/RTLBoriSoC/RTLBoriSoC.sim/sim_1/testbench.vhd
Note: Trace done
Time: 60 ns  Iteration: 12  Process: /testbench/line__86  File: C:/Users/ceran/Documents/RTLBoriSoC/RTLBoriSoC.sim/sim_1/testbench.vhd
Note: Instruction fetched: 00000000000000000000001010010011
Time: 70 ns  Iteration: 12  Process: /testbench/line__86  File: C:/Users/ceran/Documents/RTLBoriSoC/RTLBoriSoC.sim/sim_1/testbench.vhd
Note: Trace done
Time: 70 ns  Iteration: 12  Process: /testbench/line__86  File: C:/Users/ceran/Documents/RTLBoriSoC/RTLBoriSoC.sim/sim_1/testbench.vhd
Note: Instruction fetched: 00000000000000001100000111101111
Time: 80 ns  Iteration: 12  Process: /testbench/line__86  File: C:/Users/ceran/Documents/RTLBoriSoC/RTLBoriSoC.sim/sim_1/testbench.vhd
Note: Trace done
Time: 80 ns  Iteration: 12  Process: /testbench/line__86  File: C:/Users/ceran/Documents/RTLBoriSoC/RTLBoriSoC.sim/sim_1/testbench.vhd
Note: Instruction fetched: 00010010001100000000001000010011
Time: 90 ns  Iteration: 12  Process: /testbench/line__86  File: C:/Users/ceran/Documents/RTLBoriSoC/RTLBoriSoC.sim/sim_1/testbench.vhd
Note: Trace done
Time: 90 ns  Iteration: 12  Process: /testbench/line__86  File: C:/Users/ceran/Documents/RTLBoriSoC/RTLBoriSoC.sim/sim_1/testbench.vhd
Note: Instruction fetched: 00000000000000000100001011101111
Time: 100 ns  Iteration: 12  Process: /testbench/line__86  File: C:/Users/ceran/Documents/RTLBoriSoC/RTLBoriSoC.sim/sim_1/testbench.vhd
Note: Trace done
Time: 100 ns  Iteration: 12  Process: /testbench/line__86  File: C:/Users/ceran/Documents/RTLBoriSoC/RTLBoriSoC.sim/sim_1/testbench.vhd
Note: Instruction fetched: 10011001100100000000001100010011
Time: 110 ns  Iteration: 12  Process: /testbench/line__86  File: C:/Users/ceran/Documents/RTLBoriSoC/RTLBoriSoC.sim/sim_1/testbench.vhd
Note: Trace done
Time: 110 ns  Iteration: 12  Process: /testbench/line__86  File: C:/Users/ceran/Documents/RTLBoriSoC/RTLBoriSoC.sim/sim_1/testbench.vhd
Note: Instruction fetched: 00010000000000000000000010010011
Time: 120 ns  Iteration: 12  Process: /testbench/line__86  File: C:/Users/ceran/Documents/RTLBoriSoC/RTLBoriSoC.sim/sim_1/testbench.vhd
Note: Trace done
Time: 120 ns  Iteration: 12  Process: /testbench/line__86  File: C:/Users/ceran/Documents/RTLBoriSoC/RTLBoriSoC.sim/sim_1/testbench.vhd
Note: Instruction fetched: 00000000100000001000000111100111
Time: 130 ns  Iteration: 12  Process: /testbench/line__86  File: C:/Users/ceran/Documents/RTLBoriSoC/RTLBoriSoC.sim/sim_1/testbench.vhd
Note: Trace done
Time: 130 ns  Iteration: 12  Process: /testbench/line__86  File: C:/Users/ceran/Documents/RTLBoriSoC/RTLBoriSoC.sim/sim_1/testbench.vhd
Note: Instruction fetched: 00000000000000000000000000000000
Time: 140 ns  Iteration: 12  Process: /testbench/line__86  File: C:/Users/ceran/Documents/RTLBoriSoC/RTLBoriSoC.sim/sim_1/testbench.vhd
Note: Unknown instruction fetched, exiting testbench: 00000000000000000000000000000000
Time: 140 ns  Iteration: 12  Process: /testbench/line__86  File: C:/Users/ceran/Documents/RTLBoriSoC/RTLBoriSoC.sim/sim_1/testbench.vhd
Note: Testbench completed.
Time: 150 ns  Iteration: 0  Process: /testbench/line__86  File: C:/Users/ceran/Documents/RTLBoriSoC/RTLBoriSoC.sim/sim_1/testbench.vhd
