#-----------------------------------------------------------
# Vivado v2024.2 (64-bit)
# SW Build 5239630 on Fri Nov 08 22:35:27 MST 2024
# IP Build 5239520 on Sun Nov 10 16:12:51 MST 2024
# SharedData Build 5239561 on Fri Nov 08 14:39:27 MST 2024
# Start of session at: Mon Jun  9 19:02:08 2025
# Process ID         : 27240
# Current directory  : C:/Users/ceran/Documents/RTLBoriSoC
# Command line       : vivado.exe -mode batch -source .\run_sim.tcl
# Log file           : C:/Users/ceran/Documents/RTLBoriSoC/vivado.log
# Journal file       : C:/Users/ceran/Documents/RTLBoriSoC\vivado.jou
# Running On         : DESKTOP-2D1SHBR
# Platform           : Windows Server 2016 or Windows 10
# Operating System   : 22621
# Processor Detail   : Intel(R) Core(TM) i7-5820K CPU @ 3.30GHz
# CPU Frequency      : 3298 MHz
# CPU Physical cores : 6
# CPU Logical cores  : 12
# Host memory        : 17086 MB
# Swap memory        : 1178 MB
# Total Virtual      : 18264 MB
# Available Virtual  : 3045 MB
#-----------------------------------------------------------
source {.\run_sim.tcl}
# open_project RTLBoriSoC.xpr
INFO: [filemgmt 56-3] Default IP Output Path : Could not find the directory 'C:/Users/ceran/Documents/RTLBoriSoC/RTLBoriSoC.gen/sources_1'.
Scanning sources...
Finished scanning sources
open_project: Time (s): cpu = 00:00:06 ; elapsed = 00:00:08 . Memory (MB): peak = 621.914 ; gain = 192.910
# set_property source_mgmt_mode All [current_project]
# add_files RTLBoriSoC.srcs/sources_1/new/def_pack.vhd
WARNING: [filemgmt 56-12] File 'C:/Users/ceran/Documents/RTLBoriSoC/RTLBoriSoC.srcs/sources_1/new/def_pack.vhd' cannot be added to the project because it already exists in the project, skipping this file
# add_files RTLBoriSoC.srcs/sources_1/new/mnemonic_pack.vhd
WARNING: [filemgmt 56-12] File 'C:/Users/ceran/Documents/RTLBoriSoC/RTLBoriSoC.srcs/sources_1/new/mnemonic_pack.vhd' cannot be added to the project because it already exists in the project, skipping this file
# add_files RTLBoriSoC.srcs/sources_1/new/IO_pack.vhd
WARNING: [filemgmt 56-12] File 'C:/Users/ceran/Documents/RTLBoriSoC/RTLBoriSoC.srcs/sources_1/new/IO_pack.vhd' cannot be added to the project because it already exists in the project, skipping this file
# add_files RTLBoriSoC.srcs/sources_1/new/init_pack.vhd
WARNING: [filemgmt 56-12] File 'C:/Users/ceran/Documents/RTLBoriSoC/RTLBoriSoC.srcs/sources_1/new/init_pack.vhd' cannot be added to the project because it already exists in the project, skipping this file
# add_files RTLBoriSoC.srcs/sources_1/new/adder.vhd
WARNING: [filemgmt 56-12] File 'C:/Users/ceran/Documents/RTLBoriSoC/RTLBoriSoC.srcs/sources_1/new/adder.vhd' cannot be added to the project because it already exists in the project, skipping this file
# add_files RTLBoriSoC.srcs/sources_1/new/ALUdp.vhd
WARNING: [filemgmt 56-12] File 'C:/Users/ceran/Documents/RTLBoriSoC/RTLBoriSoC.srcs/sources_1/new/ALUdp.vhd' cannot be added to the project because it already exists in the project, skipping this file
# add_files RTLBoriSoC.srcs/sources_1/new/MUX.vhd
WARNING: [filemgmt 56-12] File 'C:/Users/ceran/Documents/RTLBoriSoC/RTLBoriSoC.srcs/sources_1/new/MUX.vhd' cannot be added to the project because it already exists in the project, skipping this file
# add_files RTLBoriSoC.srcs/sources_1/new/MUX1.vhd
WARNING: [filemgmt 56-12] File 'C:/Users/ceran/Documents/RTLBoriSoC/RTLBoriSoC.srcs/sources_1/new/MUX1.vhd' cannot be added to the project because it already exists in the project, skipping this file
# add_files RTLBoriSoC.srcs/sources_1/new/signext.vhd
WARNING: [filemgmt 56-12] File 'C:/Users/ceran/Documents/RTLBoriSoC/RTLBoriSoC.srcs/sources_1/new/signext.vhd' cannot be added to the project because it already exists in the project, skipping this file
# add_files RTLBoriSoC.srcs/sources_1/new/zeroext.vhd
WARNING: [filemgmt 56-12] File 'C:/Users/ceran/Documents/RTLBoriSoC/RTLBoriSoC.srcs/sources_1/new/zeroext.vhd' cannot be added to the project because it already exists in the project, skipping this file
# add_files RTLBoriSoC.srcs/sources_1/new/SLLf.vhd
WARNING: [filemgmt 56-12] File 'C:/Users/ceran/Documents/RTLBoriSoC/RTLBoriSoC.srcs/sources_1/new/SLLf.vhd' cannot be added to the project because it already exists in the project, skipping this file
# add_files RTLBoriSoC.srcs/sources_1/new/SRf.vhd
WARNING: [filemgmt 56-12] File 'C:/Users/ceran/Documents/RTLBoriSoC/RTLBoriSoC.srcs/sources_1/new/SRf.vhd' cannot be added to the project because it already exists in the project, skipping this file
# add_files RTLBoriSoC.srcs/sources_1/new/ORf.vhd
WARNING: [filemgmt 56-12] File 'C:/Users/ceran/Documents/RTLBoriSoC/RTLBoriSoC.srcs/sources_1/new/ORf.vhd' cannot be added to the project because it already exists in the project, skipping this file
# add_files RTLBoriSoC.srcs/sources_1/new/XORf.vhd
WARNING: [filemgmt 56-12] File 'C:/Users/ceran/Documents/RTLBoriSoC/RTLBoriSoC.srcs/sources_1/new/XORf.vhd' cannot be added to the project because it already exists in the project, skipping this file
# add_files RTLBoriSoC.srcs/sources_1/new/ANDf.vhd
WARNING: [filemgmt 56-12] File 'C:/Users/ceran/Documents/RTLBoriSoC/RTLBoriSoC.srcs/sources_1/new/ANDf.vhd' cannot be added to the project because it already exists in the project, skipping this file
# add_files RTLBoriSoC.srcs/sources_1/new/instr_dec.vhd
WARNING: [filemgmt 56-12] File 'C:/Users/ceran/Documents/RTLBoriSoC/RTLBoriSoC.srcs/sources_1/new/instr_dec.vhd' cannot be added to the project because it already exists in the project, skipping this file
# add_files RTLBoriSoC.srcs/sources_1/new/cpu.vhd
WARNING: [filemgmt 56-12] File 'C:/Users/ceran/Documents/RTLBoriSoC/RTLBoriSoC.srcs/sources_1/new/cpu.vhd' cannot be added to the project because it already exists in the project, skipping this file
# add_files RTLBoriSoC.srcs/sources_1/new/reg.vhd
WARNING: [filemgmt 56-12] File 'C:/Users/ceran/Documents/RTLBoriSoC/RTLBoriSoC.srcs/sources_1/new/reg.vhd' cannot be added to the project because it already exists in the project, skipping this file
# add_files RTLBoriSoC.srcs/sources_1/new/regs.vhd
WARNING: [filemgmt 56-12] File 'C:/Users/ceran/Documents/RTLBoriSoC/RTLBoriSoC.srcs/sources_1/new/regs.vhd' cannot be added to the project because it already exists in the project, skipping this file
# add_files RTLBoriSoC.srcs/sources_1/new/ANDf.vhd
WARNING: [filemgmt 56-12] File 'C:/Users/ceran/Documents/RTLBoriSoC/RTLBoriSoC.srcs/sources_1/new/ANDf.vhd' cannot be added to the project because it already exists in the project, skipping this file
# add_files RTLBoriSoC.srcs/sources_1/new/mem.vhd
WARNING: [filemgmt 56-12] File 'C:/Users/ceran/Documents/RTLBoriSoC/RTLBoriSoC.srcs/sources_1/new/mem.vhd' cannot be added to the project because it already exists in the project, skipping this file
# add_files RTLBoriSoC.srcs/sources_1/new/mem_pack.vhd
WARNING: [filemgmt 56-12] File 'C:/Users/ceran/Documents/RTLBoriSoC/RTLBoriSoC.srcs/sources_1/new/mem_pack.vhd' cannot be added to the project because it already exists in the project, skipping this file
# add_files RTLBoriSoC.srcs/sources_1/new/INCf.vhd
WARNING: [filemgmt 56-12] File 'C:/Users/ceran/Documents/RTLBoriSoC/RTLBoriSoC.srcs/sources_1/new/INCf.vhd' cannot be added to the project because it already exists in the project, skipping this file
# add_files RTLBoriSoC.srcs/sources_1/new/cmpf.vhd
WARNING: [filemgmt 56-12] File 'C:/Users/ceran/Documents/RTLBoriSoC/RTLBoriSoC.srcs/sources_1/new/cmpf.vhd' cannot be added to the project because it already exists in the project, skipping this file
# add_files RTLBoriSoC.srcs/sources_1/new/cmpuf.vhd
WARNING: [filemgmt 56-12] File 'C:/Users/ceran/Documents/RTLBoriSoC/RTLBoriSoC.srcs/sources_1/new/cmpuf.vhd' cannot be added to the project because it already exists in the project, skipping this file
# add_files RTLBoriSoC.sim/sim_1/testbench.vhd
WARNING: [filemgmt 56-12] File 'C:/Users/ceran/Documents/RTLBoriSoC/RTLBoriSoC.sim/sim_1/testbench.vhd' cannot be added to the project because it already exists in the project, skipping this file
# add_files -fileset sim_1 RTLBoriSoC.sim/sim_1/testbench.vhd
WARNING: [filemgmt 56-12] File 'C:/Users/ceran/Documents/RTLBoriSoC/RTLBoriSoC.sim/sim_1/testbench.vhd' cannot be added to the project because it already exists in the project, skipping this file
# set_property top testbench [get_filesets sim_1]
# set_property USED_IN {simulation} [get_files RTLBoriSoC.sim/sim_1/testbench.vhd]
# launch_simulation
Command: launch_simulation 
INFO: [Vivado 12-12493] Simulation top is 'testbench'
WARNING: [Vivado 12-13340] Unable to auto find GCC executables from simulator install path! (path not set)
INFO: [Vivado 12-5682] Launching behavioral simulation in 'C:/Users/ceran/Documents/RTLBoriSoC/RTLBoriSoC.sim/sim_1/behav/xsim'
INFO: [SIM-utils-51] Simulation object is 'sim_1'
INFO: [SIM-utils-72] Using boost library from 'F:/Vivado/Vivado/2024.2/tps/boost_1_72_0'
INFO: [SIM-utils-54] Inspecting design source files for 'testbench' in fileset 'sim_1'...
INFO: [USF-XSim-97] Finding global include files...
INFO: [USF-XSim-98] Fetching design files from 'sim_1'...
INFO: [USF-XSim-2] XSim::Compile design
INFO: [USF-XSim-61] Executing 'COMPILE and ANALYZE' step in 'C:/Users/ceran/Documents/RTLBoriSoC/RTLBoriSoC.sim/sim_1/behav/xsim'
"xvhdl --incr --relax -prj testbench_vhdl.prj"
INFO: [VRFC 10-163] Analyzing VHDL file "C:/Users/ceran/Documents/RTLBoriSoC/RTLBoriSoC.srcs/sources_1/new/init_pack.vhd" into library xil_defaultlib
WARNING: [VRFC 10-3165] cannot call impure function 'tokenize' from within pure function 'init_mem' [C:/Users/ceran/Documents/RTLBoriSoC/RTLBoriSoC.srcs/sources_1/new/init_pack.vhd:53]
INFO: [VRFC 10-163] Analyzing VHDL file "C:/Users/ceran/Documents/RTLBoriSoC/RTLBoriSoC.sim/sim_1/testbench.vhd" into library xil_defaultlib
INFO: [VRFC 10-3107] analyzing entity 'testbench'
INFO: [USF-XSim-69] 'compile' step finished in '2' seconds
INFO: [USF-XSim-3] XSim::Elaborate design
INFO: [USF-XSim-61] Executing 'ELABORATE' step in 'C:/Users/ceran/Documents/RTLBoriSoC/RTLBoriSoC.sim/sim_1/behav/xsim'
"xelab --incr --debug typical --relax --mt 2 -L xil_defaultlib -L secureip --snapshot testbench_behav xil_defaultlib.testbench -log elaborate.log"
Vivado Simulator v2024.2.0
Copyright 1986-2022 Xilinx, Inc. All Rights Reserved.
Copyright 2022-2024 Advanced Micro Devices, Inc. All Rights Reserved.
Running: F:/Vivado/Vivado/2024.2/bin/unwrapped/win64.o/xelab.exe --incr --debug typical --relax --mt 2 -L xil_defaultlib -L secureip --snapshot testbench_behav xil_defaultlib.testbench -log elaborate.log 
Using 2 slave threads.
Starting static elaboration
WARNING: [VRFC 10-8759] array bounds of function return type do not match array bounds of function return value [C:/Users/ceran/Documents/RTLBoriSoC/RTLBoriSoC.srcs/sources_1/new/mnemonic_pack.vhd:86]
WARNING: [VRFC 10-8759] array bounds of function return type do not match array bounds of function return value [C:/Users/ceran/Documents/RTLBoriSoC/RTLBoriSoC.srcs/sources_1/new/mnemonic_pack.vhd:81]
Completed static elaboration
Starting simulation data flow analysis
Completed simulation data flow analysis
Time Resolution for simulation is 1ps
Compiling package std.standard
Compiling package std.textio
Compiling package ieee.std_logic_1164
Compiling package ieee.numeric_std
Compiling package xil_defaultlib.mem_pack
Compiling package xil_defaultlib.mux_types
Compiling package xil_defaultlib.def_pack
Compiling package xil_defaultlib.mnemonic_pack
Compiling package ieee.numeric_bit
Compiling package xil_defaultlib.io_pack
Compiling package xil_defaultlib.init_pack
Compiling architecture rtl of entity xil_defaultlib.MUX [\MUX(n=3)\]
Compiling architecture rtl of entity xil_defaultlib.MUX [\MUX(n=1)\]
Compiling architecture rtl of entity xil_defaultlib.MUX [mux_default]
Compiling architecture rtl of entity xil_defaultlib.signext [\signext(w=12)\]
Compiling architecture rtl of entity xil_defaultlib.signext [\signext(w=20)\]
Compiling architecture rtl of entity xil_defaultlib.zeroext [\zeroext(w=12)\]
Compiling architecture rtl of entity xil_defaultlib.zeroext [\zeroext(w=1)\]
Compiling architecture rtl of entity xil_defaultlib.adder [adder_default]
Compiling architecture rtl of entity xil_defaultlib.cmpf [cmpf_default]
Compiling architecture rtl of entity xil_defaultlib.cmpuf [cmpuf_default]
Compiling architecture rtl of entity xil_defaultlib.MUX1 [\MUX1(n=3)\]
Compiling architecture rtl of entity xil_defaultlib.SLLf [sllf_default]
Compiling architecture rtl of entity xil_defaultlib.SRf [srf_default]
Compiling architecture rtl of entity xil_defaultlib.XORf [xorf_default]
Compiling architecture rtl of entity xil_defaultlib.ANDf [andf_default]
Compiling architecture rtl of entity xil_defaultlib.ORf [orf_default]
Compiling architecture rtl of entity xil_defaultlib.ALUdp [aludp_default]
Compiling architecture rtl of entity xil_defaultlib.reg [\reg(w=32,rising=false)\]
Compiling architecture rtl of entity xil_defaultlib.MUX [\MUX(n=5)\]
Compiling architecture rtl of entity xil_defaultlib.regs [regs_default]
Compiling architecture rtl of entity xil_defaultlib.reg [\reg(w=32,rising=true)\]
Compiling architecture rtl of entity xil_defaultlib.instr_dec [instr_dec_default]
Compiling architecture rtl of entity xil_defaultlib.INCf [incf_default]
Compiling architecture structural of entity xil_defaultlib.cpu [\cpu(simulation=true)\]
Compiling architecture rtl of entity xil_defaultlib.mem [\mem(simulation=true)\]
Compiling architecture structural of entity xil_defaultlib.SOC [\SOC(simulation=true)\]
Compiling architecture tb of entity xil_defaultlib.testbench
Built simulation snapshot testbench_behav
run_program: Time (s): cpu = 00:00:00 ; elapsed = 00:00:11 . Memory (MB): peak = 634.125 ; gain = 0.000
INFO: [USF-XSim-69] 'elaborate' step finished in '12' seconds
INFO: [USF-XSim-4] XSim::Simulate design
INFO: [USF-XSim-61] Executing 'SIMULATE' step in 'C:/Users/ceran/Documents/RTLBoriSoC/RTLBoriSoC.sim/sim_1/behav/xsim'
INFO: [USF-XSim-98] *** Running xsim
   with args "testbench_behav -key {Behavioral:sim_1:Functional:testbench} -tclbatch {testbench.tcl} -log {simulate.log}"
INFO: [USF-XSim-8] Loading simulator feature
Time resolution is 1 ps
source testbench.tcl
## set curr_wave [current_wave_config]
## if { [string length $curr_wave] == 0 } {
##   if { [llength [get_objects]] > 0} {
##     add_wave /
##     set_property needs_save false [current_wave_config]
##   } else {
##      send_msg_id Add_Wave-1 WARNING "No top level signals found. Simulator will start without a wave window. If you want to open a wave window go to 'File->New Waveform Configuration' or type 'create_wave_config' in the TCL console."
##   }
## }
WARNING: [Wavedata 42-489] Can't add object "/testbench/mem_tb_in" to the wave window because it has 524288 bits, which exceeds the display limit of 65536 bits.  To change the display limit, use the command "set_property display_limit <new limit> [current_wave_config]".
WARNING: [Wavedata 42-489] Can't add object "/testbench/mem_tb_out" to the wave window because it has 524288 bits, which exceeds the display limit of 65536 bits.  To change the display limit, use the command "set_property display_limit <new limit> [current_wave_config]".
WARNING: [Wavedata 42-489] Can't add object "/testbench/mem_temp" to the wave window because it has 524288 bits, which exceeds the display limit of 65536 bits.  To change the display limit, use the command "set_property display_limit <new limit> [current_wave_config]".
WARNING: Simulation object /testbench/trace_f was not traceable in the design for the following reason:
Vivado Simulator does not yet support tracing of VHDL variables.
WARNING: Simulation object /testbench/dump_f was not traceable in the design for the following reason:
Vivado Simulator does not yet support tracing of VHDL variables.
## log_wave -r /
WARNING: [Simtcl 6-197] One or more HDL objects could not be logged because of object type or size limitations.  To see details please rerun the command with -verbose (-v).
## run 1000ns
Note: First byte of RAM: 00200113
Time: 0 ps  Iteration: 0  Process: /testbench/UUT/mem_inst/sim_init_block/line__89  File: C:/Users/ceran/Documents/RTLBoriSoC/RTLBoriSoC.srcs/sources_1/new/mem.vhd
Note: Initializing memory and SoC
Time: 0 ps  Iteration: 0  Process: /testbench/line__86  File: C:/Users/ceran/Documents/RTLBoriSoC/RTLBoriSoC.sim/sim_1/testbench.vhd
Note: Memory and SoC initialized, SoC started
Time: 20 ns  Iteration: 0  Process: /testbench/line__86  File: C:/Users/ceran/Documents/RTLBoriSoC/RTLBoriSoC.sim/sim_1/testbench.vhd
Note: Instruction fetched: 00000000000100000000000010010011
Time: 30 ns  Iteration: 12  Process: /testbench/line__86  File: C:/Users/ceran/Documents/RTLBoriSoC/RTLBoriSoC.sim/sim_1/testbench.vhd
Note: Trace done
Time: 30 ns  Iteration: 12  Process: /testbench/line__86  File: C:/Users/ceran/Documents/RTLBoriSoC/RTLBoriSoC.sim/sim_1/testbench.vhd
Note: Instruction fetched: 00000000001000000000000100010011
Time: 40 ns  Iteration: 12  Process: /testbench/line__86  File: C:/Users/ceran/Documents/RTLBoriSoC/RTLBoriSoC.sim/sim_1/testbench.vhd
Note: Trace done
Time: 40 ns  Iteration: 12  Process: /testbench/line__86  File: C:/Users/ceran/Documents/RTLBoriSoC/RTLBoriSoC.sim/sim_1/testbench.vhd
Note: Instruction fetched: 11111111111100000000000110010011
Time: 50 ns  Iteration: 12  Process: /testbench/line__86  File: C:/Users/ceran/Documents/RTLBoriSoC/RTLBoriSoC.sim/sim_1/testbench.vhd
Note: Trace done
Time: 50 ns  Iteration: 12  Process: /testbench/line__86  File: C:/Users/ceran/Documents/RTLBoriSoC/RTLBoriSoC.sim/sim_1/testbench.vhd
Note: Instruction fetched: 10000000000000000000001000010011
Time: 60 ns  Iteration: 12  Process: /testbench/line__86  File: C:/Users/ceran/Documents/RTLBoriSoC/RTLBoriSoC.sim/sim_1/testbench.vhd
Note: Trace done
Time: 60 ns  Iteration: 12  Process: /testbench/line__86  File: C:/Users/ceran/Documents/RTLBoriSoC/RTLBoriSoC.sim/sim_1/testbench.vhd
Note: Instruction fetched: 01111111111100000000001010010011
Time: 70 ns  Iteration: 12  Process: /testbench/line__86  File: C:/Users/ceran/Documents/RTLBoriSoC/RTLBoriSoC.sim/sim_1/testbench.vhd
Note: Trace done
Time: 70 ns  Iteration: 12  Process: /testbench/line__86  File: C:/Users/ceran/Documents/RTLBoriSoC/RTLBoriSoC.sim/sim_1/testbench.vhd
Note: Instruction fetched: 00000000111100000000001100010011
Time: 80 ns  Iteration: 12  Process: /testbench/line__86  File: C:/Users/ceran/Documents/RTLBoriSoC/RTLBoriSoC.sim/sim_1/testbench.vhd
Note: Trace done
Time: 80 ns  Iteration: 12  Process: /testbench/line__86  File: C:/Users/ceran/Documents/RTLBoriSoC/RTLBoriSoC.sim/sim_1/testbench.vhd
Note: Instruction fetched: 00001111000000000000001110010011
Time: 90 ns  Iteration: 12  Process: /testbench/line__86  File: C:/Users/ceran/Documents/RTLBoriSoC/RTLBoriSoC.sim/sim_1/testbench.vhd
Note: Trace done
Time: 90 ns  Iteration: 12  Process: /testbench/line__86  File: C:/Users/ceran/Documents/RTLBoriSoC/RTLBoriSoC.sim/sim_1/testbench.vhd
Note: Instruction fetched: 00010000000000000000010000010011
Time: 100 ns  Iteration: 12  Process: /testbench/line__86  File: C:/Users/ceran/Documents/RTLBoriSoC/RTLBoriSoC.sim/sim_1/testbench.vhd
Note: Trace done
Time: 100 ns  Iteration: 12  Process: /testbench/line__86  File: C:/Users/ceran/Documents/RTLBoriSoC/RTLBoriSoC.sim/sim_1/testbench.vhd
Note: Instruction fetched: 00000000001000001000010010110011
Time: 110 ns  Iteration: 12  Process: /testbench/line__86  File: C:/Users/ceran/Documents/RTLBoriSoC/RTLBoriSoC.sim/sim_1/testbench.vhd
Note: Trace done
Time: 110 ns  Iteration: 12  Process: /testbench/line__86  File: C:/Users/ceran/Documents/RTLBoriSoC/RTLBoriSoC.sim/sim_1/testbench.vhd
Note: Instruction fetched: 00000000010000101000010100110011
Time: 120 ns  Iteration: 12  Process: /testbench/line__86  File: C:/Users/ceran/Documents/RTLBoriSoC/RTLBoriSoC.sim/sim_1/testbench.vhd
Note: Trace done
Time: 120 ns  Iteration: 12  Process: /testbench/line__86  File: C:/Users/ceran/Documents/RTLBoriSoC/RTLBoriSoC.sim/sim_1/testbench.vhd
Note: Instruction fetched: 00000000001100011000010110110011
Time: 130 ns  Iteration: 12  Process: /testbench/line__86  File: C:/Users/ceran/Documents/RTLBoriSoC/RTLBoriSoC.sim/sim_1/testbench.vhd
Note: Trace done
Time: 130 ns  Iteration: 12  Process: /testbench/line__86  File: C:/Users/ceran/Documents/RTLBoriSoC/RTLBoriSoC.sim/sim_1/testbench.vhd
Note: Instruction fetched: 01000000000100010000011000110011
Time: 140 ns  Iteration: 12  Process: /testbench/line__86  File: C:/Users/ceran/Documents/RTLBoriSoC/RTLBoriSoC.sim/sim_1/testbench.vhd
Note: Trace done
Time: 140 ns  Iteration: 12  Process: /testbench/line__86  File: C:/Users/ceran/Documents/RTLBoriSoC/RTLBoriSoC.sim/sim_1/testbench.vhd
Note: Instruction fetched: 01000000001000001000011010110011
Time: 150 ns  Iteration: 12  Process: /testbench/line__86  File: C:/Users/ceran/Documents/RTLBoriSoC/RTLBoriSoC.sim/sim_1/testbench.vhd
Note: Trace done
Time: 150 ns  Iteration: 12  Process: /testbench/line__86  File: C:/Users/ceran/Documents/RTLBoriSoC/RTLBoriSoC.sim/sim_1/testbench.vhd
Note: Instruction fetched: 01000000010100011000011100110011
Time: 160 ns  Iteration: 12  Process: /testbench/line__86  File: C:/Users/ceran/Documents/RTLBoriSoC/RTLBoriSoC.sim/sim_1/testbench.vhd
Note: Trace done
Time: 160 ns  Iteration: 12  Process: /testbench/line__86  File: C:/Users/ceran/Documents/RTLBoriSoC/RTLBoriSoC.sim/sim_1/testbench.vhd
Note: Instruction fetched: 00000000001000001010011110110011
Time: 170 ns  Iteration: 12  Process: /testbench/line__86  File: C:/Users/ceran/Documents/RTLBoriSoC/RTLBoriSoC.sim/sim_1/testbench.vhd
Note: Trace done
Time: 170 ns  Iteration: 12  Process: /testbench/line__86  File: C:/Users/ceran/Documents/RTLBoriSoC/RTLBoriSoC.sim/sim_1/testbench.vhd
Note: Instruction fetched: 00000000000100010010100000110011
Time: 180 ns  Iteration: 12  Process: /testbench/line__86  File: C:/Users/ceran/Documents/RTLBoriSoC/RTLBoriSoC.sim/sim_1/testbench.vhd
Note: Trace done
Time: 180 ns  Iteration: 12  Process: /testbench/line__86  File: C:/Users/ceran/Documents/RTLBoriSoC/RTLBoriSoC.sim/sim_1/testbench.vhd
Note: Instruction fetched: 00000000010100100010100010110011
Time: 190 ns  Iteration: 12  Process: /testbench/line__86  File: C:/Users/ceran/Documents/RTLBoriSoC/RTLBoriSoC.sim/sim_1/testbench.vhd
Note: Trace done
Time: 190 ns  Iteration: 12  Process: /testbench/line__86  File: C:/Users/ceran/Documents/RTLBoriSoC/RTLBoriSoC.sim/sim_1/testbench.vhd
Note: Instruction fetched: 00000000010000101010100100110011
Time: 200 ns  Iteration: 12  Process: /testbench/line__86  File: C:/Users/ceran/Documents/RTLBoriSoC/RTLBoriSoC.sim/sim_1/testbench.vhd
Note: Trace done
Time: 200 ns  Iteration: 12  Process: /testbench/line__86  File: C:/Users/ceran/Documents/RTLBoriSoC/RTLBoriSoC.sim/sim_1/testbench.vhd
Note: Instruction fetched: 00000000000000011010100110110011
Time: 210 ns  Iteration: 12  Process: /testbench/line__86  File: C:/Users/ceran/Documents/RTLBoriSoC/RTLBoriSoC.sim/sim_1/testbench.vhd
Note: Trace done
Time: 210 ns  Iteration: 12  Process: /testbench/line__86  File: C:/Users/ceran/Documents/RTLBoriSoC/RTLBoriSoC.sim/sim_1/testbench.vhd
Note: Instruction fetched: 00000000001000001011101000110011
Time: 220 ns  Iteration: 12  Process: /testbench/line__86  File: C:/Users/ceran/Documents/RTLBoriSoC/RTLBoriSoC.sim/sim_1/testbench.vhd
Note: Trace done
Time: 220 ns  Iteration: 12  Process: /testbench/line__86  File: C:/Users/ceran/Documents/RTLBoriSoC/RTLBoriSoC.sim/sim_1/testbench.vhd
Note: Instruction fetched: 00000000000100010011101010110011
Time: 230 ns  Iteration: 12  Process: /testbench/line__86  File: C:/Users/ceran/Documents/RTLBoriSoC/RTLBoriSoC.sim/sim_1/testbench.vhd
Note: Trace done
Time: 230 ns  Iteration: 12  Process: /testbench/line__86  File: C:/Users/ceran/Documents/RTLBoriSoC/RTLBoriSoC.sim/sim_1/testbench.vhd
Note: Instruction fetched: 00000000000000011011101100110011
Time: 240 ns  Iteration: 12  Process: /testbench/line__86  File: C:/Users/ceran/Documents/RTLBoriSoC/RTLBoriSoC.sim/sim_1/testbench.vhd
Note: Trace done
Time: 240 ns  Iteration: 12  Process: /testbench/line__86  File: C:/Users/ceran/Documents/RTLBoriSoC/RTLBoriSoC.sim/sim_1/testbench.vhd
Note: Instruction fetched: 00000000001100000011101110110011
Time: 250 ns  Iteration: 12  Process: /testbench/line__86  File: C:/Users/ceran/Documents/RTLBoriSoC/RTLBoriSoC.sim/sim_1/testbench.vhd
Note: Trace done
Time: 250 ns  Iteration: 12  Process: /testbench/line__86  File: C:/Users/ceran/Documents/RTLBoriSoC/RTLBoriSoC.sim/sim_1/testbench.vhd
Note: Instruction fetched: 00000000011100110111110000110011
Time: 260 ns  Iteration: 12  Process: /testbench/line__86  File: C:/Users/ceran/Documents/RTLBoriSoC/RTLBoriSoC.sim/sim_1/testbench.vhd
Note: Trace done
Time: 260 ns  Iteration: 12  Process: /testbench/line__86  File: C:/Users/ceran/Documents/RTLBoriSoC/RTLBoriSoC.sim/sim_1/testbench.vhd
Note: Instruction fetched: 00000000010100011111110010110011
Time: 270 ns  Iteration: 12  Process: /testbench/line__86  File: C:/Users/ceran/Documents/RTLBoriSoC/RTLBoriSoC.sim/sim_1/testbench.vhd
Note: Trace done
Time: 270 ns  Iteration: 12  Process: /testbench/line__86  File: C:/Users/ceran/Documents/RTLBoriSoC/RTLBoriSoC.sim/sim_1/testbench.vhd
Note: Instruction fetched: 00000000011100110110110100110011
Time: 280 ns  Iteration: 12  Process: /testbench/line__86  File: C:/Users/ceran/Documents/RTLBoriSoC/RTLBoriSoC.sim/sim_1/testbench.vhd
Note: Trace done
Time: 280 ns  Iteration: 12  Process: /testbench/line__86  File: C:/Users/ceran/Documents/RTLBoriSoC/RTLBoriSoC.sim/sim_1/testbench.vhd
Note: Instruction fetched: 00000000000000011110110110110011
Time: 290 ns  Iteration: 12  Process: /testbench/line__86  File: C:/Users/ceran/Documents/RTLBoriSoC/RTLBoriSoC.sim/sim_1/testbench.vhd
Note: Trace done
Time: 290 ns  Iteration: 12  Process: /testbench/line__86  File: C:/Users/ceran/Documents/RTLBoriSoC/RTLBoriSoC.sim/sim_1/testbench.vhd
Note: Instruction fetched: 00000000011100110100111000110011
Time: 300 ns  Iteration: 12  Process: /testbench/line__86  File: C:/Users/ceran/Documents/RTLBoriSoC/RTLBoriSoC.sim/sim_1/testbench.vhd
Note: Trace done
Time: 300 ns  Iteration: 12  Process: /testbench/line__86  File: C:/Users/ceran/Documents/RTLBoriSoC/RTLBoriSoC.sim/sim_1/testbench.vhd
Note: Instruction fetched: 00000000010100011100111010110011
Time: 310 ns  Iteration: 12  Process: /testbench/line__86  File: C:/Users/ceran/Documents/RTLBoriSoC/RTLBoriSoC.sim/sim_1/testbench.vhd
Note: Trace done
Time: 310 ns  Iteration: 12  Process: /testbench/line__86  File: C:/Users/ceran/Documents/RTLBoriSoC/RTLBoriSoC.sim/sim_1/testbench.vhd
Note: Instruction fetched: 00000000000100110001111100110011
Time: 320 ns  Iteration: 12  Process: /testbench/line__86  File: C:/Users/ceran/Documents/RTLBoriSoC/RTLBoriSoC.sim/sim_1/testbench.vhd
Note: Trace done
Time: 320 ns  Iteration: 12  Process: /testbench/line__86  File: C:/Users/ceran/Documents/RTLBoriSoC/RTLBoriSoC.sim/sim_1/testbench.vhd
Note: Instruction fetched: 00000000001000111001111110110011
Time: 330 ns  Iteration: 12  Process: /testbench/line__86  File: C:/Users/ceran/Documents/RTLBoriSoC/RTLBoriSoC.sim/sim_1/testbench.vhd
Note: Trace done
Time: 330 ns  Iteration: 12  Process: /testbench/line__86  File: C:/Users/ceran/Documents/RTLBoriSoC/RTLBoriSoC.sim/sim_1/testbench.vhd
Note: Instruction fetched: 00000000000100111101010100110011
Time: 340 ns  Iteration: 12  Process: /testbench/line__86  File: C:/Users/ceran/Documents/RTLBoriSoC/RTLBoriSoC.sim/sim_1/testbench.vhd
Note: Trace done
Time: 340 ns  Iteration: 12  Process: /testbench/line__86  File: C:/Users/ceran/Documents/RTLBoriSoC/RTLBoriSoC.sim/sim_1/testbench.vhd
Note: Instruction fetched: 00000000001001000101010110110011
Time: 350 ns  Iteration: 12  Process: /testbench/line__86  File: C:/Users/ceran/Documents/RTLBoriSoC/RTLBoriSoC.sim/sim_1/testbench.vhd
Note: Trace done
Time: 350 ns  Iteration: 12  Process: /testbench/line__86  File: C:/Users/ceran/Documents/RTLBoriSoC/RTLBoriSoC.sim/sim_1/testbench.vhd
Note: Instruction fetched: 00000000010100011101011000110011
Time: 360 ns  Iteration: 12  Process: /testbench/line__86  File: C:/Users/ceran/Documents/RTLBoriSoC/RTLBoriSoC.sim/sim_1/testbench.vhd
Note: Trace done
Time: 360 ns  Iteration: 12  Process: /testbench/line__86  File: C:/Users/ceran/Documents/RTLBoriSoC/RTLBoriSoC.sim/sim_1/testbench.vhd
Note: Instruction fetched: 01000000000100100101011010110011
Time: 370 ns  Iteration: 12  Process: /testbench/line__86  File: C:/Users/ceran/Documents/RTLBoriSoC/RTLBoriSoC.sim/sim_1/testbench.vhd
Note: Trace done
Time: 370 ns  Iteration: 12  Process: /testbench/line__86  File: C:/Users/ceran/Documents/RTLBoriSoC/RTLBoriSoC.sim/sim_1/testbench.vhd
Note: Instruction fetched: 01000000001000011101011100110011
Time: 380 ns  Iteration: 12  Process: /testbench/line__86  File: C:/Users/ceran/Documents/RTLBoriSoC/RTLBoriSoC.sim/sim_1/testbench.vhd
Note: Trace done
Time: 380 ns  Iteration: 12  Process: /testbench/line__86  File: C:/Users/ceran/Documents/RTLBoriSoC/RTLBoriSoC.sim/sim_1/testbench.vhd
Note: Instruction fetched: 01000000000100101101011110110011
Time: 390 ns  Iteration: 12  Process: /testbench/line__86  File: C:/Users/ceran/Documents/RTLBoriSoC/RTLBoriSoC.sim/sim_1/testbench.vhd
Note: Trace done
Time: 390 ns  Iteration: 12  Process: /testbench/line__86  File: C:/Users/ceran/Documents/RTLBoriSoC/RTLBoriSoC.sim/sim_1/testbench.vhd
Note: Instruction fetched: 00000000000100011001100000110011
Time: 400 ns  Iteration: 12  Process: /testbench/line__86  File: C:/Users/ceran/Documents/RTLBoriSoC/RTLBoriSoC.sim/sim_1/testbench.vhd
Note: Trace done
Time: 400 ns  Iteration: 12  Process: /testbench/line__86  File: C:/Users/ceran/Documents/RTLBoriSoC/RTLBoriSoC.sim/sim_1/testbench.vhd
Note: Instruction fetched: 00000000000100011101100010110011
Time: 410 ns  Iteration: 12  Process: /testbench/line__86  File: C:/Users/ceran/Documents/RTLBoriSoC/RTLBoriSoC.sim/sim_1/testbench.vhd
Note: Trace done
Time: 410 ns  Iteration: 12  Process: /testbench/line__86  File: C:/Users/ceran/Documents/RTLBoriSoC/RTLBoriSoC.sim/sim_1/testbench.vhd
Note: Instruction fetched: 01000000000100011101100100110011
Time: 420 ns  Iteration: 12  Process: /testbench/line__86  File: C:/Users/ceran/Documents/RTLBoriSoC/RTLBoriSoC.sim/sim_1/testbench.vhd
Note: Trace done
Time: 420 ns  Iteration: 12  Process: /testbench/line__86  File: C:/Users/ceran/Documents/RTLBoriSoC/RTLBoriSoC.sim/sim_1/testbench.vhd
Note: Instruction fetched: 00000000000000000111100110110011
Time: 430 ns  Iteration: 12  Process: /testbench/line__86  File: C:/Users/ceran/Documents/RTLBoriSoC/RTLBoriSoC.sim/sim_1/testbench.vhd
Note: Trace done
Time: 430 ns  Iteration: 12  Process: /testbench/line__86  File: C:/Users/ceran/Documents/RTLBoriSoC/RTLBoriSoC.sim/sim_1/testbench.vhd
Note: Instruction fetched: 00000000000000000110101000110011
Time: 440 ns  Iteration: 12  Process: /testbench/line__86  File: C:/Users/ceran/Documents/RTLBoriSoC/RTLBoriSoC.sim/sim_1/testbench.vhd
Note: Trace done
Time: 440 ns  Iteration: 12  Process: /testbench/line__86  File: C:/Users/ceran/Documents/RTLBoriSoC/RTLBoriSoC.sim/sim_1/testbench.vhd
Note: Instruction fetched: 00000000000000000100101010110011
Time: 450 ns  Iteration: 12  Process: /testbench/line__86  File: C:/Users/ceran/Documents/RTLBoriSoC/RTLBoriSoC.sim/sim_1/testbench.vhd
Note: Trace done
Time: 450 ns  Iteration: 12  Process: /testbench/line__86  File: C:/Users/ceran/Documents/RTLBoriSoC/RTLBoriSoC.sim/sim_1/testbench.vhd
Note: Instruction fetched: 00000000000100000001101100110011
Time: 460 ns  Iteration: 12  Process: /testbench/line__86  File: C:/Users/ceran/Documents/RTLBoriSoC/RTLBoriSoC.sim/sim_1/testbench.vhd
Note: Trace done
Time: 460 ns  Iteration: 12  Process: /testbench/line__86  File: C:/Users/ceran/Documents/RTLBoriSoC/RTLBoriSoC.sim/sim_1/testbench.vhd
Note: Instruction fetched: 00000000000100000101101110110011
Time: 470 ns  Iteration: 12  Process: /testbench/line__86  File: C:/Users/ceran/Documents/RTLBoriSoC/RTLBoriSoC.sim/sim_1/testbench.vhd
Note: Trace done
Time: 470 ns  Iteration: 12  Process: /testbench/line__86  File: C:/Users/ceran/Documents/RTLBoriSoC/RTLBoriSoC.sim/sim_1/testbench.vhd
Note: Instruction fetched: 01000000000100000101110000110011
Time: 480 ns  Iteration: 12  Process: /testbench/line__86  File: C:/Users/ceran/Documents/RTLBoriSoC/RTLBoriSoC.sim/sim_1/testbench.vhd
Note: Trace done
Time: 480 ns  Iteration: 12  Process: /testbench/line__86  File: C:/Users/ceran/Documents/RTLBoriSoC/RTLBoriSoC.sim/sim_1/testbench.vhd
Note: Instruction fetched: 00000000000000000000000000000000
Time: 490 ns  Iteration: 12  Process: /testbench/line__86  File: C:/Users/ceran/Documents/RTLBoriSoC/RTLBoriSoC.sim/sim_1/testbench.vhd
Note: Unknown instruction fetched, exiting testbench: 00000000000000000000000000000000
Time: 490 ns  Iteration: 12  Process: /testbench/line__86  File: C:/Users/ceran/Documents/RTLBoriSoC/RTLBoriSoC.sim/sim_1/testbench.vhd
Note: Testbench completed.
Time: 500 ns  Iteration: 0  Process: /testbench/line__86  File: C:/Users/ceran/Documents/RTLBoriSoC/RTLBoriSoC.sim/sim_1/testbench.vhd
INFO: [USF-XSim-96] XSim completed. Design snapshot 'testbench_behav' loaded.
INFO: [USF-XSim-97] XSim simulation ran for 1000ns
launch_simulation: Time (s): cpu = 00:00:00 ; elapsed = 00:00:24 . Memory (MB): peak = 648.406 ; gain = 26.492
# close_wave_config
INFO: [Common 17-206] Exiting Vivado at Mon Jun  9 19:02:46 2025...
