#-----------------------------------------------------------
# Vivado v2024.2 (64-bit)
# SW Build 5239630 on Fri Nov 08 22:35:27 MST 2024
# IP Build 5239520 on Sun Nov 10 16:12:51 MST 2024
# SharedData Build 5239561 on Fri Nov 08 14:39:27 MST 2024
# Start of session at: Sat Jun 14 00:05:38 2025
# Process ID         : 13744
# Current directory  : C:/Users/ceran/Documents/RTLBoriSoC
# Command line       : vivado.exe -mode batch -source .\run_sim.tcl
# Log file           : C:/Users/ceran/Documents/RTLBoriSoC/vivado.log
# Journal file       : C:/Users/ceran/Documents/RTLBoriSoC\vivado.jou
# Running On         : DESKTOP-2D1SHBR
# Platform           : Windows Server 2016 or Windows 10
# Operating System   : 22621
# Processor Detail   : Intel(R) Core(TM) i7-5820K CPU @ 3.30GHz
# CPU Frequency      : 3298 MHz
# CPU Physical cores : 6
# CPU Logical cores  : 12
# Host memory        : 17086 MB
# Swap memory        : 2638 MB
# Total Virtual      : 19724 MB
# Available Virtual  : 3089 MB
#-----------------------------------------------------------
source {.\run_sim.tcl}
# open_project RTLBoriSoC.xpr
INFO: [filemgmt 56-3] Default IP Output Path : Could not find the directory 'C:/Users/ceran/Documents/RTLBoriSoC/RTLBoriSoC.gen/sources_1'.
Scanning sources...
Finished scanning sources
open_project: Time (s): cpu = 00:00:06 ; elapsed = 00:00:08 . Memory (MB): peak = 619.328 ; gain = 190.938
# set_property source_mgmt_mode All [current_project]
# add_files RTLBoriSoC.srcs/sources_1/new/def_pack.vhd
WARNING: [filemgmt 56-12] File 'C:/Users/ceran/Documents/RTLBoriSoC/RTLBoriSoC.srcs/sources_1/new/def_pack.vhd' cannot be added to the project because it already exists in the project, skipping this file
# add_files RTLBoriSoC.srcs/sources_1/new/mnemonic_pack.vhd
WARNING: [filemgmt 56-12] File 'C:/Users/ceran/Documents/RTLBoriSoC/RTLBoriSoC.srcs/sources_1/new/mnemonic_pack.vhd' cannot be added to the project because it already exists in the project, skipping this file
# add_files RTLBoriSoC.srcs/sources_1/new/IO_pack.vhd
WARNING: [filemgmt 56-12] File 'C:/Users/ceran/Documents/RTLBoriSoC/RTLBoriSoC.srcs/sources_1/new/IO_pack.vhd' cannot be added to the project because it already exists in the project, skipping this file
# add_files RTLBoriSoC.srcs/sources_1/new/init_pack.vhd
WARNING: [filemgmt 56-12] File 'C:/Users/ceran/Documents/RTLBoriSoC/RTLBoriSoC.srcs/sources_1/new/init_pack.vhd' cannot be added to the project because it already exists in the project, skipping this file
# add_files RTLBoriSoC.srcs/sources_1/new/adder.vhd
WARNING: [filemgmt 56-12] File 'C:/Users/ceran/Documents/RTLBoriSoC/RTLBoriSoC.srcs/sources_1/new/adder.vhd' cannot be added to the project because it already exists in the project, skipping this file
# add_files RTLBoriSoC.srcs/sources_1/new/ALUdp.vhd
WARNING: [filemgmt 56-12] File 'C:/Users/ceran/Documents/RTLBoriSoC/RTLBoriSoC.srcs/sources_1/new/ALUdp.vhd' cannot be added to the project because it already exists in the project, skipping this file
# add_files RTLBoriSoC.srcs/sources_1/new/MUX.vhd
WARNING: [filemgmt 56-12] File 'C:/Users/ceran/Documents/RTLBoriSoC/RTLBoriSoC.srcs/sources_1/new/MUX.vhd' cannot be added to the project because it already exists in the project, skipping this file
# add_files RTLBoriSoC.srcs/sources_1/new/MUX1.vhd
WARNING: [filemgmt 56-12] File 'C:/Users/ceran/Documents/RTLBoriSoC/RTLBoriSoC.srcs/sources_1/new/MUX1.vhd' cannot be added to the project because it already exists in the project, skipping this file
# add_files RTLBoriSoC.srcs/sources_1/new/signext.vhd
WARNING: [filemgmt 56-12] File 'C:/Users/ceran/Documents/RTLBoriSoC/RTLBoriSoC.srcs/sources_1/new/signext.vhd' cannot be added to the project because it already exists in the project, skipping this file
# add_files RTLBoriSoC.srcs/sources_1/new/zeroext.vhd
WARNING: [filemgmt 56-12] File 'C:/Users/ceran/Documents/RTLBoriSoC/RTLBoriSoC.srcs/sources_1/new/zeroext.vhd' cannot be added to the project because it already exists in the project, skipping this file
# add_files RTLBoriSoC.srcs/sources_1/new/SLLf.vhd
WARNING: [filemgmt 56-12] File 'C:/Users/ceran/Documents/RTLBoriSoC/RTLBoriSoC.srcs/sources_1/new/SLLf.vhd' cannot be added to the project because it already exists in the project, skipping this file
# add_files RTLBoriSoC.srcs/sources_1/new/SRf.vhd
# add_files RTLBoriSoC.srcs/sources_1/new/ORf.vhd
WARNING: [filemgmt 56-12] File 'C:/Users/ceran/Documents/RTLBoriSoC/RTLBoriSoC.srcs/sources_1/new/ORf.vhd' cannot be added to the project because it already exists in the project, skipping this file
# add_files RTLBoriSoC.srcs/sources_1/new/XORf.vhd
WARNING: [filemgmt 56-12] File 'C:/Users/ceran/Documents/RTLBoriSoC/RTLBoriSoC.srcs/sources_1/new/XORf.vhd' cannot be added to the project because it already exists in the project, skipping this file
# add_files RTLBoriSoC.srcs/sources_1/new/ANDf.vhd
WARNING: [filemgmt 56-12] File 'C:/Users/ceran/Documents/RTLBoriSoC/RTLBoriSoC.srcs/sources_1/new/ANDf.vhd' cannot be added to the project because it already exists in the project, skipping this file
# add_files RTLBoriSoC.srcs/sources_1/new/instr_dec.vhd
WARNING: [filemgmt 56-12] File 'C:/Users/ceran/Documents/RTLBoriSoC/RTLBoriSoC.srcs/sources_1/new/instr_dec.vhd' cannot be added to the project because it already exists in the project, skipping this file
# add_files RTLBoriSoC.srcs/sources_1/new/cpu.vhd
WARNING: [filemgmt 56-12] File 'C:/Users/ceran/Documents/RTLBoriSoC/RTLBoriSoC.srcs/sources_1/new/cpu.vhd' cannot be added to the project because it already exists in the project, skipping this file
# add_files RTLBoriSoC.srcs/sources_1/new/reg.vhd
WARNING: [filemgmt 56-12] File 'C:/Users/ceran/Documents/RTLBoriSoC/RTLBoriSoC.srcs/sources_1/new/reg.vhd' cannot be added to the project because it already exists in the project, skipping this file
# add_files RTLBoriSoC.srcs/sources_1/new/regs.vhd
# add_files RTLBoriSoC.srcs/sources_1/new/ANDf.vhd
WARNING: [filemgmt 56-12] File 'C:/Users/ceran/Documents/RTLBoriSoC/RTLBoriSoC.srcs/sources_1/new/ANDf.vhd' cannot be added to the project because it already exists in the project, skipping this file
# add_files RTLBoriSoC.srcs/sources_1/new/mem.vhd
WARNING: [filemgmt 56-12] File 'C:/Users/ceran/Documents/RTLBoriSoC/RTLBoriSoC.srcs/sources_1/new/mem.vhd' cannot be added to the project because it already exists in the project, skipping this file
# add_files RTLBoriSoC.srcs/sources_1/new/mem_pack.vhd
WARNING: [filemgmt 56-12] File 'C:/Users/ceran/Documents/RTLBoriSoC/RTLBoriSoC.srcs/sources_1/new/mem_pack.vhd' cannot be added to the project because it already exists in the project, skipping this file
# add_files RTLBoriSoC.srcs/sources_1/new/INCf.vhd
# add_files RTLBoriSoC.srcs/sources_1/new/cmpf.vhd
# add_files RTLBoriSoC.srcs/sources_1/new/cmpuf.vhd
# add_files RTLBoriSoC.srcs/sources_1/new/FSM.vhd
# add_files RTLBoriSoC.sim/sim_1/testbench.vhd
WARNING: [filemgmt 56-12] File 'C:/Users/ceran/Documents/RTLBoriSoC/RTLBoriSoC.sim/sim_1/testbench.vhd' cannot be added to the project because it already exists in the project, skipping this file
# add_files -fileset sim_1 RTLBoriSoC.sim/sim_1/testbench.vhd
WARNING: [filemgmt 56-12] File 'C:/Users/ceran/Documents/RTLBoriSoC/RTLBoriSoC.sim/sim_1/testbench.vhd' cannot be added to the project because it already exists in the project, skipping this file
# set_property top testbench [get_filesets sim_1]
# set_property USED_IN {simulation} [get_files RTLBoriSoC.sim/sim_1/testbench.vhd]
# launch_simulation 
Command: launch_simulation 
INFO: [Vivado 12-12493] Simulation top is 'testbench'
WARNING: [Vivado 12-13340] Unable to auto find GCC executables from simulator install path! (path not set)
boost::filesystem::remove: The process cannot access the file because it is being used by another process: "C:/Users/ceran/Documents/RTLBoriSoC/RTLBoriSoC.sim/sim_1/behav/xsim/simulate.log"
    while executing
"launch_simulation "
    (file ".\run_sim.tcl" line 51)
INFO: [Common 17-206] Exiting Vivado at Sat Jun 14 00:05:51 2025...
