#-----------------------------------------------------------
# Vivado v2024.2 (64-bit)
# SW Build 5239630 on Fri Nov 08 22:35:27 MST 2024
# IP Build 5239520 on Sun Nov 10 16:12:51 MST 2024
# SharedData Build 5239561 on Fri Nov 08 14:39:27 MST 2024
# Start of session at: Sat Jun 14 14:35:38 2025
# Process ID         : 10008
# Current directory  : C:/Users/ceran/Documents/RTLBoriSoC
# Command line       : vivado.exe -mode batch -source .\synth_project.tcl
# Log file           : C:/Users/ceran/Documents/RTLBoriSoC/vivado.log
# Journal file       : C:/Users/ceran/Documents/RTLBoriSoC\vivado.jou
# Running On         : DESKTOP-2D1SHBR
# Platform           : Windows Server 2016 or Windows 10
# Operating System   : 22621
# Processor Detail   : Intel(R) Core(TM) i7-5820K CPU @ 3.30GHz
# CPU Frequency      : 3298 MHz
# CPU Physical cores : 6
# CPU Logical cores  : 12
# Host memory        : 17086 MB
# Swap memory        : 1312 MB
# Total Virtual      : 18398 MB
# Available Virtual  : 3218 MB
#-----------------------------------------------------------
source {.\synth_project.tcl}
# open_project RTLBoriSoC.xpr
INFO: [filemgmt 56-3] Default IP Output Path : Could not find the directory 'C:/Users/ceran/Documents/RTLBoriSoC/RTLBoriSoC.gen/sources_1'.
Scanning sources...
Finished scanning sources
open_project: Time (s): cpu = 00:00:08 ; elapsed = 00:00:08 . Memory (MB): peak = 621.895 ; gain = 193.090
# add_files RTLBoriSoC.srcs/sources_1/new/adder.vhd
WARNING: [filemgmt 56-12] File 'C:/Users/ceran/Documents/RTLBoriSoC/RTLBoriSoC.srcs/sources_1/new/adder.vhd' cannot be added to the project because it already exists in the project, skipping this file
# add_files RTLBoriSoC.srcs/sources_1/new/ALUdp.vhd
WARNING: [filemgmt 56-12] File 'C:/Users/ceran/Documents/RTLBoriSoC/RTLBoriSoC.srcs/sources_1/new/ALUdp.vhd' cannot be added to the project because it already exists in the project, skipping this file
# add_files RTLBoriSoC.srcs/sources_1/new/MUX.vhd
WARNING: [filemgmt 56-12] File 'C:/Users/ceran/Documents/RTLBoriSoC/RTLBoriSoC.srcs/sources_1/new/MUX.vhd' cannot be added to the project because it already exists in the project, skipping this file
# add_files RTLBoriSoC.srcs/sources_1/new/MUX1.vhd
WARNING: [filemgmt 56-12] File 'C:/Users/ceran/Documents/RTLBoriSoC/RTLBoriSoC.srcs/sources_1/new/MUX1.vhd' cannot be added to the project because it already exists in the project, skipping this file
# add_files RTLBoriSoC.srcs/sources_1/new/signext.vhd
WARNING: [filemgmt 56-12] File 'C:/Users/ceran/Documents/RTLBoriSoC/RTLBoriSoC.srcs/sources_1/new/signext.vhd' cannot be added to the project because it already exists in the project, skipping this file
# add_files RTLBoriSoC.srcs/sources_1/new/zeroext.vhd
WARNING: [filemgmt 56-12] File 'C:/Users/ceran/Documents/RTLBoriSoC/RTLBoriSoC.srcs/sources_1/new/zeroext.vhd' cannot be added to the project because it already exists in the project, skipping this file
# add_files RTLBoriSoC.srcs/sources_1/new/SLLf.vhd
WARNING: [filemgmt 56-12] File 'C:/Users/ceran/Documents/RTLBoriSoC/RTLBoriSoC.srcs/sources_1/new/SLLf.vhd' cannot be added to the project because it already exists in the project, skipping this file
# add_files RTLBoriSoC.srcs/sources_1/new/ORf.vhd
WARNING: [filemgmt 56-12] File 'C:/Users/ceran/Documents/RTLBoriSoC/RTLBoriSoC.srcs/sources_1/new/ORf.vhd' cannot be added to the project because it already exists in the project, skipping this file
# add_files RTLBoriSoC.srcs/sources_1/new/XORf.vhd
WARNING: [filemgmt 56-12] File 'C:/Users/ceran/Documents/RTLBoriSoC/RTLBoriSoC.srcs/sources_1/new/XORf.vhd' cannot be added to the project because it already exists in the project, skipping this file
# add_files RTLBoriSoC.srcs/sources_1/new/ANDf.vhd
WARNING: [filemgmt 56-12] File 'C:/Users/ceran/Documents/RTLBoriSoC/RTLBoriSoC.srcs/sources_1/new/ANDf.vhd' cannot be added to the project because it already exists in the project, skipping this file
# add_files RTLBoriSoC.srcs/sources_1/new/instr_dec.vhd
WARNING: [filemgmt 56-12] File 'C:/Users/ceran/Documents/RTLBoriSoC/RTLBoriSoC.srcs/sources_1/new/instr_dec.vhd' cannot be added to the project because it already exists in the project, skipping this file
# add_files RTLBoriSoC.srcs/sources_1/new/cpu.vhd
WARNING: [filemgmt 56-12] File 'C:/Users/ceran/Documents/RTLBoriSoC/RTLBoriSoC.srcs/sources_1/new/cpu.vhd' cannot be added to the project because it already exists in the project, skipping this file
# add_files RTLBoriSoC.srcs/sources_1/new/reg.vhd
WARNING: [filemgmt 56-12] File 'C:/Users/ceran/Documents/RTLBoriSoC/RTLBoriSoC.srcs/sources_1/new/reg.vhd' cannot be added to the project because it already exists in the project, skipping this file
# add_files RTLBoriSoC.srcs/sources_1/new/ANDf.vhd
WARNING: [filemgmt 56-12] File 'C:/Users/ceran/Documents/RTLBoriSoC/RTLBoriSoC.srcs/sources_1/new/ANDf.vhd' cannot be added to the project because it already exists in the project, skipping this file
# add_files RTLBoriSoC.srcs/sources_1/new/mem.vhd
WARNING: [filemgmt 56-12] File 'C:/Users/ceran/Documents/RTLBoriSoC/RTLBoriSoC.srcs/sources_1/new/mem.vhd' cannot be added to the project because it already exists in the project, skipping this file
# add_files RTLBoriSoC.srcs/sources_1/new/mem_pack.vhd
WARNING: [filemgmt 56-12] File 'C:/Users/ceran/Documents/RTLBoriSoC/RTLBoriSoC.srcs/sources_1/new/mem_pack.vhd' cannot be added to the project because it already exists in the project, skipping this file
# add_files RTLBoriSoC.srcs/sources_1/new/SRf.vhd
WARNING: [filemgmt 56-12] File 'C:/Users/ceran/Documents/RTLBoriSoC/RTLBoriSoC.srcs/sources_1/new/SRf.vhd' cannot be added to the project because it already exists in the project, skipping this file
# add_files RTLBoriSoC.srcs/sources_1/new/INCf.vhd
WARNING: [filemgmt 56-12] File 'C:/Users/ceran/Documents/RTLBoriSoC/RTLBoriSoC.srcs/sources_1/new/INCf.vhd' cannot be added to the project because it already exists in the project, skipping this file
# add_files RTLBoriSoC.srcs/sources_1/new/regs.vhd
WARNING: [filemgmt 56-12] File 'C:/Users/ceran/Documents/RTLBoriSoC/RTLBoriSoC.srcs/sources_1/new/regs.vhd' cannot be added to the project because it already exists in the project, skipping this file
# add_files RTLBoriSoC.srcs/sources_1/new/cmpf.vhd
WARNING: [filemgmt 56-12] File 'C:/Users/ceran/Documents/RTLBoriSoC/RTLBoriSoC.srcs/sources_1/new/cmpf.vhd' cannot be added to the project because it already exists in the project, skipping this file
# add_files RTLBoriSoC.srcs/sources_1/new/cmpUf.vhd
WARNING: [filemgmt 56-12] File 'C:/Users/ceran/Documents/RTLBoriSoC/RTLBoriSoC.srcs/sources_1/new/cmpUf.vhd' cannot be added to the project because it already exists in the project, skipping this file
# add_files RTLBoriSoC.srcs/sources_1/new/FSM.vhd
WARNING: [filemgmt 56-12] File 'C:/Users/ceran/Documents/RTLBoriSoC/RTLBoriSoC.srcs/sources_1/new/FSM.vhd' cannot be added to the project because it already exists in the project, skipping this file
# add_files RTLBoriSoC.srcs/sources_1/new/SOC.vhd
WARNING: [filemgmt 56-12] File 'C:/Users/ceran/Documents/RTLBoriSoC/RTLBoriSoC.srcs/sources_1/new/SOC.vhd' cannot be added to the project because it already exists in the project, skipping this file
# set_property source_mgmt_mode DisplayOnly [current_project]
# set_property top SOC [get_filesets sources_1]
# reset_run synth_1
INFO: [Project 1-1161] Replacing file C:/Users/ceran/Documents/RTLBoriSoC/RTLBoriSoC.srcs/utils_1/imports/synth_1/MUX.dcp with file C:/Users/ceran/Documents/RTLBoriSoC/RTLBoriSoC.runs/synth_1/SOC.dcp
WARNING: [Vivado 12-1017] Problems encountered:
1. Failed to delete one or more files in run directory C:/Users/ceran/Documents/RTLBoriSoC/RTLBoriSoC.runs/synth_1

# launch_runs synth_1 -jobs 12
[Sat Jun 14 14:35:54 2025] Launched synth_1...
Run output will be captured here: C:/Users/ceran/Documents/RTLBoriSoC/RTLBoriSoC.runs/synth_1/runme.log
# wait_on_run synth_1
[Sat Jun 14 14:35:54 2025] Waiting for synth_1 to finish...

*** Running vivado
    with args -log SOC.vds -m64 -product Vivado -mode batch -messageDb vivado.pb -notrace -source SOC.tcl



****** Vivado v2024.2 (64-bit)
  **** SW Build 5239630 on Fri Nov 08 22:35:27 MST 2024
  **** IP Build 5239520 on Sun Nov 10 16:12:51 MST 2024
  **** SharedData Build 5239561 on Fri Nov 08 14:39:27 MST 2024
  **** Start of session at: Sat Jun 14 14:35:58 2025
    ** Copyright 1986-2022 Xilinx, Inc. All Rights Reserved.
    ** Copyright 2022-2024 Advanced Micro Devices, Inc. All Rights Reserved.

source SOC.tcl -notrace
create_project: Time (s): cpu = 00:00:07 ; elapsed = 00:00:08 . Memory (MB): peak = 619.082 ; gain = 189.980
Command: read_checkpoint -auto_incremental -incremental C:/Users/ceran/Documents/RTLBoriSoC/RTLBoriSoC.srcs/utils_1/imports/synth_1/MUX.dcp
INFO: [Vivado 12-5825] Read reference checkpoint from C:/Users/ceran/Documents/RTLBoriSoC/RTLBoriSoC.srcs/utils_1/imports/synth_1/MUX.dcp for incremental synthesis
INFO: [Vivado 12-7989] Please ensure there are no constraint changes
Command: synth_design -top SOC -part xc7a100tcsg324-1
Starting synth_design
Attempting to get a license for feature 'Synthesis' and/or device 'xc7a100t'
INFO: [Common 17-349] Got license for feature 'Synthesis' and/or device 'xc7a100t'
INFO: [Designutils 20-5440] No compile time benefit to using incremental synthesis; A full resynthesis will be run
INFO: [Designutils 20-4379] Flow is switching to default flow due to incremental criteria not met. If you would like to alter this behaviour and have the flow terminate instead, please set the following parameter config_implementation {autoIncr.Synth.RejectBehavior Terminate}
INFO: [Synth 8-7079] Multithreading enabled for synth_design using a maximum of 2 processes.
INFO: [Synth 8-7078] Launching helper process for spawning children vivado processes
INFO: [Synth 8-7075] Helper process launched with PID 30480
---------------------------------------------------------------------------------
Starting Synthesize : Time (s): cpu = 00:00:05 ; elapsed = 00:00:09 . Memory (MB): peak = 1098.152 ; gain = 467.566
---------------------------------------------------------------------------------
WARNING: [Synth 8-9222] cannot call impure function 'tokenize' from within pure function 'init_mem' [C:/Users/ceran/Documents/RTLBoriSoC/RTLBoriSoC.srcs/sources_1/new/init_pack.vhd:53]
INFO: [Synth 8-638] synthesizing module 'SOC' [C:/Users/ceran/Documents/RTLBoriSoC/RTLBoriSoC.srcs/sources_1/new/SOC.vhd:28]
	Parameter SIMULATION bound to: 0 - type: bool 
INFO: [Synth 8-3491] module 'cpu' declared at 'C:/Users/ceran/Documents/RTLBoriSoC/RTLBoriSoC.srcs/sources_1/new/cpu.vhd:11' bound to instance 'cpu_inst' of component 'cpu' [C:/Users/ceran/Documents/RTLBoriSoC/RTLBoriSoC.srcs/sources_1/new/SOC.vhd:92]
INFO: [Synth 8-638] synthesizing module 'cpu' [C:/Users/ceran/Documents/RTLBoriSoC/RTLBoriSoC.srcs/sources_1/new/cpu.vhd:34]
	Parameter SIMULATION bound to: 0 - type: bool 
INFO: [Synth 8-3491] module 'ALUdp' declared at 'C:/Users/ceran/Documents/RTLBoriSoC/RTLBoriSoC.srcs/sources_1/new/ALUdp.vhd:23' bound to instance 'ALUdp_inst' of component 'ALUdp' [C:/Users/ceran/Documents/RTLBoriSoC/RTLBoriSoC.srcs/sources_1/new/cpu.vhd:244]
INFO: [Synth 8-638] synthesizing module 'ALUdp' [C:/Users/ceran/Documents/RTLBoriSoC/RTLBoriSoC.srcs/sources_1/new/ALUdp.vhd:43]
	Parameter N bound to: 3 - type: integer 
INFO: [Synth 8-3491] module 'MUX' declared at 'C:/Users/ceran/Documents/RTLBoriSoC/RTLBoriSoC.srcs/sources_1/new/MUX.vhd:28' bound to instance 'mux_res' of component 'MUX' [C:/Users/ceran/Documents/RTLBoriSoC/RTLBoriSoC.srcs/sources_1/new/ALUdp.vhd:207]
INFO: [Synth 8-638] synthesizing module 'MUX' [C:/Users/ceran/Documents/RTLBoriSoC/RTLBoriSoC.srcs/sources_1/new/MUX.vhd:39]
	Parameter N bound to: 3 - type: integer 
INFO: [Synth 8-256] done synthesizing module 'MUX' (0#1) [C:/Users/ceran/Documents/RTLBoriSoC/RTLBoriSoC.srcs/sources_1/new/MUX.vhd:39]
	Parameter N bound to: 1 - type: integer 
INFO: [Synth 8-3491] module 'MUX' declared at 'C:/Users/ceran/Documents/RTLBoriSoC/RTLBoriSoC.srcs/sources_1/new/MUX.vhd:28' bound to instance 'mux_op2_imm' of component 'MUX' [C:/Users/ceran/Documents/RTLBoriSoC/RTLBoriSoC.srcs/sources_1/new/ALUdp.vhd:227]
INFO: [Synth 8-638] synthesizing module 'MUX__parameterized1' [C:/Users/ceran/Documents/RTLBoriSoC/RTLBoriSoC.srcs/sources_1/new/MUX.vhd:39]
	Parameter N bound to: 1 - type: integer 
INFO: [Synth 8-256] done synthesizing module 'MUX__parameterized1' (0#1) [C:/Users/ceran/Documents/RTLBoriSoC/RTLBoriSoC.srcs/sources_1/new/MUX.vhd:39]
	Parameter N bound to: 2 - type: integer 
INFO: [Synth 8-3491] module 'MUX' declared at 'C:/Users/ceran/Documents/RTLBoriSoC/RTLBoriSoC.srcs/sources_1/new/MUX.vhd:28' bound to instance 'mux_imm' of component 'MUX' [C:/Users/ceran/Documents/RTLBoriSoC/RTLBoriSoC.srcs/sources_1/new/ALUdp.vhd:240]
INFO: [Synth 8-638] synthesizing module 'MUX__parameterized3' [C:/Users/ceran/Documents/RTLBoriSoC/RTLBoriSoC.srcs/sources_1/new/MUX.vhd:39]
	Parameter N bound to: 2 - type: integer 
INFO: [Synth 8-256] done synthesizing module 'MUX__parameterized3' (0#1) [C:/Users/ceran/Documents/RTLBoriSoC/RTLBoriSoC.srcs/sources_1/new/MUX.vhd:39]
	Parameter w bound to: 12 - type: integer 
INFO: [Synth 8-3491] module 'signext' declared at 'C:/Users/ceran/Documents/RTLBoriSoC/RTLBoriSoC.srcs/sources_1/new/signext.vhd:7' bound to instance 'signext12_inst' of component 'signext' [C:/Users/ceran/Documents/RTLBoriSoC/RTLBoriSoC.srcs/sources_1/new/ALUdp.vhd:255]
INFO: [Synth 8-638] synthesizing module 'signext' [C:/Users/ceran/Documents/RTLBoriSoC/RTLBoriSoC.srcs/sources_1/new/signext.vhd:17]
	Parameter w bound to: 12 - type: integer 
INFO: [Synth 8-256] done synthesizing module 'signext' (0#1) [C:/Users/ceran/Documents/RTLBoriSoC/RTLBoriSoC.srcs/sources_1/new/signext.vhd:17]
	Parameter w bound to: 20 - type: integer 
INFO: [Synth 8-3491] module 'signext' declared at 'C:/Users/ceran/Documents/RTLBoriSoC/RTLBoriSoC.srcs/sources_1/new/signext.vhd:7' bound to instance 'signext20_inst' of component 'signext' [C:/Users/ceran/Documents/RTLBoriSoC/RTLBoriSoC.srcs/sources_1/new/ALUdp.vhd:263]
INFO: [Synth 8-638] synthesizing module 'signext__parameterized1' [C:/Users/ceran/Documents/RTLBoriSoC/RTLBoriSoC.srcs/sources_1/new/signext.vhd:17]
	Parameter w bound to: 20 - type: integer 
INFO: [Synth 8-256] done synthesizing module 'signext__parameterized1' (0#1) [C:/Users/ceran/Documents/RTLBoriSoC/RTLBoriSoC.srcs/sources_1/new/signext.vhd:17]
	Parameter w bound to: 12 - type: integer 
INFO: [Synth 8-3491] module 'zeroext' declared at 'C:/Users/ceran/Documents/RTLBoriSoC/RTLBoriSoC.srcs/sources_1/new/zeroext.vhd:6' bound to instance 'zeroext12_inst' of component 'zeroext' [C:/Users/ceran/Documents/RTLBoriSoC/RTLBoriSoC.srcs/sources_1/new/ALUdp.vhd:272]
INFO: [Synth 8-638] synthesizing module 'zeroext' [C:/Users/ceran/Documents/RTLBoriSoC/RTLBoriSoC.srcs/sources_1/new/zeroext.vhd:16]
	Parameter w bound to: 12 - type: integer 
INFO: [Synth 8-256] done synthesizing module 'zeroext' (0#1) [C:/Users/ceran/Documents/RTLBoriSoC/RTLBoriSoC.srcs/sources_1/new/zeroext.vhd:16]
	Parameter w bound to: 1 - type: integer 
INFO: [Synth 8-3491] module 'zeroext' declared at 'C:/Users/ceran/Documents/RTLBoriSoC/RTLBoriSoC.srcs/sources_1/new/zeroext.vhd:6' bound to instance 'zeroextbranch_inst' of component 'zeroext' [C:/Users/ceran/Documents/RTLBoriSoC/RTLBoriSoC.srcs/sources_1/new/ALUdp.vhd:281]
INFO: [Synth 8-638] synthesizing module 'zeroext__parameterized1' [C:/Users/ceran/Documents/RTLBoriSoC/RTLBoriSoC.srcs/sources_1/new/zeroext.vhd:16]
	Parameter w bound to: 1 - type: integer 
INFO: [Synth 8-256] done synthesizing module 'zeroext__parameterized1' (0#1) [C:/Users/ceran/Documents/RTLBoriSoC/RTLBoriSoC.srcs/sources_1/new/zeroext.vhd:16]
	Parameter N bound to: 1 - type: integer 
INFO: [Synth 8-3491] module 'MUX' declared at 'C:/Users/ceran/Documents/RTLBoriSoC/RTLBoriSoC.srcs/sources_1/new/MUX.vhd:28' bound to instance 'adder_op_sp_mux_inst' of component 'MUX' [C:/Users/ceran/Documents/RTLBoriSoC/RTLBoriSoC.srcs/sources_1/new/ALUdp.vhd:302]
	Parameter N bound to: 1 - type: integer 
INFO: [Synth 8-3491] module 'MUX' declared at 'C:/Users/ceran/Documents/RTLBoriSoC/RTLBoriSoC.srcs/sources_1/new/MUX.vhd:28' bound to instance 'adder_imm_sp_inst' of component 'MUX' [C:/Users/ceran/Documents/RTLBoriSoC/RTLBoriSoC.srcs/sources_1/new/ALUdp.vhd:315]
INFO: [Synth 8-3491] module 'adder' declared at 'C:/Users/ceran/Documents/RTLBoriSoC/RTLBoriSoC.srcs/sources_1/new/adder.vhd:8' bound to instance 'adder_inst' of component 'adder' [C:/Users/ceran/Documents/RTLBoriSoC/RTLBoriSoC.srcs/sources_1/new/ALUdp.vhd:329]
INFO: [Synth 8-638] synthesizing module 'adder' [C:/Users/ceran/Documents/RTLBoriSoC/RTLBoriSoC.srcs/sources_1/new/adder.vhd:17]
INFO: [Synth 8-226] default block is never used [C:/Users/ceran/Documents/RTLBoriSoC/RTLBoriSoC.srcs/sources_1/new/adder.vhd:28]
WARNING: [Synth 8-614] signal 'subtr' is read in the process but is not in the sensitivity list [C:/Users/ceran/Documents/RTLBoriSoC/RTLBoriSoC.srcs/sources_1/new/adder.vhd:19]
INFO: [Synth 8-256] done synthesizing module 'adder' (0#1) [C:/Users/ceran/Documents/RTLBoriSoC/RTLBoriSoC.srcs/sources_1/new/adder.vhd:17]
INFO: [Synth 8-3491] module 'cmpf' declared at 'C:/Users/ceran/Documents/RTLBoriSoC/RTLBoriSoC.srcs/sources_1/new/cmpf.vhd:11' bound to instance 'cmpf_inst' of component 'cmpf' [C:/Users/ceran/Documents/RTLBoriSoC/RTLBoriSoC.srcs/sources_1/new/ALUdp.vhd:337]
INFO: [Synth 8-638] synthesizing module 'cmpf' [C:/Users/ceran/Documents/RTLBoriSoC/RTLBoriSoC.srcs/sources_1/new/cmpf.vhd:20]
INFO: [Synth 8-256] done synthesizing module 'cmpf' (0#1) [C:/Users/ceran/Documents/RTLBoriSoC/RTLBoriSoC.srcs/sources_1/new/cmpf.vhd:20]
INFO: [Synth 8-3491] module 'cmpuf' declared at 'C:/Users/ceran/Documents/RTLBoriSoC/RTLBoriSoC.srcs/sources_1/new/cmpuf.vhd:10' bound to instance 'cmpUf_inst' of component 'cmpuf' [C:/Users/ceran/Documents/RTLBoriSoC/RTLBoriSoC.srcs/sources_1/new/ALUdp.vhd:345]
INFO: [Synth 8-638] synthesizing module 'cmpuf' [C:/Users/ceran/Documents/RTLBoriSoC/RTLBoriSoC.srcs/sources_1/new/cmpuf.vhd:18]
INFO: [Synth 8-256] done synthesizing module 'cmpuf' (0#1) [C:/Users/ceran/Documents/RTLBoriSoC/RTLBoriSoC.srcs/sources_1/new/cmpuf.vhd:18]
	Parameter N bound to: 3 - type: integer 
INFO: [Synth 8-3491] module 'MUX1' declared at 'C:/Users/ceran/Documents/RTLBoriSoC/RTLBoriSoC.srcs/sources_1/new/MUX1.vhd:9' bound to instance 'branch_mux' of component 'MUX1' [C:/Users/ceran/Documents/RTLBoriSoC/RTLBoriSoC.srcs/sources_1/new/ALUdp.vhd:352]
INFO: [Synth 8-638] synthesizing module 'MUX1' [C:/Users/ceran/Documents/RTLBoriSoC/RTLBoriSoC.srcs/sources_1/new/MUX1.vhd:20]
	Parameter N bound to: 3 - type: integer 
INFO: [Synth 8-256] done synthesizing module 'MUX1' (0#1) [C:/Users/ceran/Documents/RTLBoriSoC/RTLBoriSoC.srcs/sources_1/new/MUX1.vhd:20]
INFO: [Synth 8-3491] module 'SLLf' declared at 'C:/Users/ceran/Documents/RTLBoriSoC/RTLBoriSoC.srcs/sources_1/new/SLLf.vhd:5' bound to instance 'SLLf_inst' of component 'SLLf' [C:/Users/ceran/Documents/RTLBoriSoC/RTLBoriSoC.srcs/sources_1/new/ALUdp.vhd:374]
INFO: [Synth 8-638] synthesizing module 'SLLf' [C:/Users/ceran/Documents/RTLBoriSoC/RTLBoriSoC.srcs/sources_1/new/SLLf.vhd:12]
INFO: [Synth 8-256] done synthesizing module 'SLLf' (0#1) [C:/Users/ceran/Documents/RTLBoriSoC/RTLBoriSoC.srcs/sources_1/new/SLLf.vhd:12]
INFO: [Synth 8-3491] module 'SRf' declared at 'C:/Users/ceran/Documents/RTLBoriSoC/RTLBoriSoC.srcs/sources_1/new/SRf.vhd:6' bound to instance 'SRf_inst' of component 'SRf' [C:/Users/ceran/Documents/RTLBoriSoC/RTLBoriSoC.srcs/sources_1/new/ALUdp.vhd:382]
INFO: [Synth 8-638] synthesizing module 'SRf' [C:/Users/ceran/Documents/RTLBoriSoC/RTLBoriSoC.srcs/sources_1/new/SRf.vhd:15]
INFO: [Synth 8-256] done synthesizing module 'SRf' (0#1) [C:/Users/ceran/Documents/RTLBoriSoC/RTLBoriSoC.srcs/sources_1/new/SRf.vhd:15]
INFO: [Synth 8-3491] module 'XORf' declared at 'C:/Users/ceran/Documents/RTLBoriSoC/RTLBoriSoC.srcs/sources_1/new/XORf.vhd:5' bound to instance 'XORf_inst' of component 'XORf' [C:/Users/ceran/Documents/RTLBoriSoC/RTLBoriSoC.srcs/sources_1/new/ALUdp.vhd:390]
INFO: [Synth 8-638] synthesizing module 'XORf' [C:/Users/ceran/Documents/RTLBoriSoC/RTLBoriSoC.srcs/sources_1/new/XORf.vhd:13]
INFO: [Synth 8-256] done synthesizing module 'XORf' (0#1) [C:/Users/ceran/Documents/RTLBoriSoC/RTLBoriSoC.srcs/sources_1/new/XORf.vhd:13]
INFO: [Synth 8-3491] module 'ANDf' declared at 'C:/Users/ceran/Documents/RTLBoriSoC/RTLBoriSoC.srcs/sources_1/new/ANDf.vhd:5' bound to instance 'ANDf_inst' of component 'ANDf' [C:/Users/ceran/Documents/RTLBoriSoC/RTLBoriSoC.srcs/sources_1/new/ALUdp.vhd:396]
INFO: [Synth 8-638] synthesizing module 'ANDf' [C:/Users/ceran/Documents/RTLBoriSoC/RTLBoriSoC.srcs/sources_1/new/ANDf.vhd:13]
INFO: [Synth 8-256] done synthesizing module 'ANDf' (0#1) [C:/Users/ceran/Documents/RTLBoriSoC/RTLBoriSoC.srcs/sources_1/new/ANDf.vhd:13]
INFO: [Synth 8-3491] module 'ORf' declared at 'C:/Users/ceran/Documents/RTLBoriSoC/RTLBoriSoC.srcs/sources_1/new/ORf.vhd:5' bound to instance 'ORf_inst' of component 'ORf' [C:/Users/ceran/Documents/RTLBoriSoC/RTLBoriSoC.srcs/sources_1/new/ALUdp.vhd:402]
INFO: [Synth 8-638] synthesizing module 'ORf' [C:/Users/ceran/Documents/RTLBoriSoC/RTLBoriSoC.srcs/sources_1/new/ORf.vhd:13]
INFO: [Synth 8-256] done synthesizing module 'ORf' (0#1) [C:/Users/ceran/Documents/RTLBoriSoC/RTLBoriSoC.srcs/sources_1/new/ORf.vhd:13]
INFO: [Synth 8-256] done synthesizing module 'ALUdp' (0#1) [C:/Users/ceran/Documents/RTLBoriSoC/RTLBoriSoC.srcs/sources_1/new/ALUdp.vhd:43]
INFO: [Synth 8-3491] module 'regs' declared at 'C:/Users/ceran/Documents/RTLBoriSoC/RTLBoriSoC.srcs/sources_1/new/regs.vhd:9' bound to instance 'regs_inst' of component 'REGS' [C:/Users/ceran/Documents/RTLBoriSoC/RTLBoriSoC.srcs/sources_1/new/cpu.vhd:263]
INFO: [Synth 8-638] synthesizing module 'regs' [C:/Users/ceran/Documents/RTLBoriSoC/RTLBoriSoC.srcs/sources_1/new/regs.vhd:31]
	Parameter w bound to: 32 - type: integer 
	Parameter rising bound to: 1 - type: bool 
INFO: [Synth 8-3491] module 'reg' declared at 'C:/Users/ceran/Documents/RTLBoriSoC/RTLBoriSoC.srcs/sources_1/new/reg.vhd:9' bound to instance 'reg_inst' of component 'reg' [C:/Users/ceran/Documents/RTLBoriSoC/RTLBoriSoC.srcs/sources_1/new/regs.vhd:67]
INFO: [Synth 8-638] synthesizing module '\reg ' [C:/Users/ceran/Documents/RTLBoriSoC/RTLBoriSoC.srcs/sources_1/new/reg.vhd:23]
	Parameter w bound to: 32 - type: integer 
	Parameter rising bound to: 1 - type: bool 
INFO: [Synth 8-256] done synthesizing module '\reg ' (0#1) [C:/Users/ceran/Documents/RTLBoriSoC/RTLBoriSoC.srcs/sources_1/new/reg.vhd:23]
	Parameter w bound to: 32 - type: integer 
	Parameter rising bound to: 1 - type: bool 
INFO: [Synth 8-3491] module 'reg' declared at 'C:/Users/ceran/Documents/RTLBoriSoC/RTLBoriSoC.srcs/sources_1/new/reg.vhd:9' bound to instance 'reg_inst' of component 'reg' [C:/Users/ceran/Documents/RTLBoriSoC/RTLBoriSoC.srcs/sources_1/new/regs.vhd:67]
	Parameter w bound to: 32 - type: integer 
	Parameter rising bound to: 1 - type: bool 
INFO: [Synth 8-3491] module 'reg' declared at 'C:/Users/ceran/Documents/RTLBoriSoC/RTLBoriSoC.srcs/sources_1/new/reg.vhd:9' bound to instance 'reg_inst' of component 'reg' [C:/Users/ceran/Documents/RTLBoriSoC/RTLBoriSoC.srcs/sources_1/new/regs.vhd:67]
	Parameter w bound to: 32 - type: integer 
	Parameter rising bound to: 1 - type: bool 
INFO: [Synth 8-3491] module 'reg' declared at 'C:/Users/ceran/Documents/RTLBoriSoC/RTLBoriSoC.srcs/sources_1/new/reg.vhd:9' bound to instance 'reg_inst' of component 'reg' [C:/Users/ceran/Documents/RTLBoriSoC/RTLBoriSoC.srcs/sources_1/new/regs.vhd:67]
	Parameter w bound to: 32 - type: integer 
	Parameter rising bound to: 1 - type: bool 
INFO: [Synth 8-3491] module 'reg' declared at 'C:/Users/ceran/Documents/RTLBoriSoC/RTLBoriSoC.srcs/sources_1/new/reg.vhd:9' bound to instance 'reg_inst' of component 'reg' [C:/Users/ceran/Documents/RTLBoriSoC/RTLBoriSoC.srcs/sources_1/new/regs.vhd:67]
	Parameter w bound to: 32 - type: integer 
	Parameter rising bound to: 1 - type: bool 
INFO: [Synth 8-3491] module 'reg' declared at 'C:/Users/ceran/Documents/RTLBoriSoC/RTLBoriSoC.srcs/sources_1/new/reg.vhd:9' bound to instance 'reg_inst' of component 'reg' [C:/Users/ceran/Documents/RTLBoriSoC/RTLBoriSoC.srcs/sources_1/new/regs.vhd:67]
	Parameter w bound to: 32 - type: integer 
	Parameter rising bound to: 1 - type: bool 
INFO: [Synth 8-3491] module 'reg' declared at 'C:/Users/ceran/Documents/RTLBoriSoC/RTLBoriSoC.srcs/sources_1/new/reg.vhd:9' bound to instance 'reg_inst' of component 'reg' [C:/Users/ceran/Documents/RTLBoriSoC/RTLBoriSoC.srcs/sources_1/new/regs.vhd:67]
	Parameter w bound to: 32 - type: integer 
	Parameter rising bound to: 1 - type: bool 
INFO: [Synth 8-3491] module 'reg' declared at 'C:/Users/ceran/Documents/RTLBoriSoC/RTLBoriSoC.srcs/sources_1/new/reg.vhd:9' bound to instance 'reg_inst' of component 'reg' [C:/Users/ceran/Documents/RTLBoriSoC/RTLBoriSoC.srcs/sources_1/new/regs.vhd:67]
	Parameter w bound to: 32 - type: integer 
	Parameter rising bound to: 1 - type: bool 
INFO: [Synth 8-3491] module 'reg' declared at 'C:/Users/ceran/Documents/RTLBoriSoC/RTLBoriSoC.srcs/sources_1/new/reg.vhd:9' bound to instance 'reg_inst' of component 'reg' [C:/Users/ceran/Documents/RTLBoriSoC/RTLBoriSoC.srcs/sources_1/new/regs.vhd:67]
	Parameter w bound to: 32 - type: integer 
	Parameter rising bound to: 1 - type: bool 
INFO: [Synth 8-3491] module 'reg' declared at 'C:/Users/ceran/Documents/RTLBoriSoC/RTLBoriSoC.srcs/sources_1/new/reg.vhd:9' bound to instance 'reg_inst' of component 'reg' [C:/Users/ceran/Documents/RTLBoriSoC/RTLBoriSoC.srcs/sources_1/new/regs.vhd:67]
	Parameter w bound to: 32 - type: integer 
	Parameter rising bound to: 1 - type: bool 
INFO: [Synth 8-3491] module 'reg' declared at 'C:/Users/ceran/Documents/RTLBoriSoC/RTLBoriSoC.srcs/sources_1/new/reg.vhd:9' bound to instance 'reg_inst' of component 'reg' [C:/Users/ceran/Documents/RTLBoriSoC/RTLBoriSoC.srcs/sources_1/new/regs.vhd:67]
	Parameter w bound to: 32 - type: integer 
	Parameter rising bound to: 1 - type: bool 
INFO: [Synth 8-3491] module 'reg' declared at 'C:/Users/ceran/Documents/RTLBoriSoC/RTLBoriSoC.srcs/sources_1/new/reg.vhd:9' bound to instance 'reg_inst' of component 'reg' [C:/Users/ceran/Documents/RTLBoriSoC/RTLBoriSoC.srcs/sources_1/new/regs.vhd:67]
	Parameter w bound to: 32 - type: integer 
	Parameter rising bound to: 1 - type: bool 
INFO: [Synth 8-3491] module 'reg' declared at 'C:/Users/ceran/Documents/RTLBoriSoC/RTLBoriSoC.srcs/sources_1/new/reg.vhd:9' bound to instance 'reg_inst' of component 'reg' [C:/Users/ceran/Documents/RTLBoriSoC/RTLBoriSoC.srcs/sources_1/new/regs.vhd:67]
	Parameter w bound to: 32 - type: integer 
	Parameter rising bound to: 1 - type: bool 
INFO: [Synth 8-3491] module 'reg' declared at 'C:/Users/ceran/Documents/RTLBoriSoC/RTLBoriSoC.srcs/sources_1/new/reg.vhd:9' bound to instance 'reg_inst' of component 'reg' [C:/Users/ceran/Documents/RTLBoriSoC/RTLBoriSoC.srcs/sources_1/new/regs.vhd:67]
	Parameter w bound to: 32 - type: integer 
	Parameter rising bound to: 1 - type: bool 
INFO: [Synth 8-3491] module 'reg' declared at 'C:/Users/ceran/Documents/RTLBoriSoC/RTLBoriSoC.srcs/sources_1/new/reg.vhd:9' bound to instance 'reg_inst' of component 'reg' [C:/Users/ceran/Documents/RTLBoriSoC/RTLBoriSoC.srcs/sources_1/new/regs.vhd:67]
	Parameter w bound to: 32 - type: integer 
	Parameter rising bound to: 1 - type: bool 
INFO: [Synth 8-3491] module 'reg' declared at 'C:/Users/ceran/Documents/RTLBoriSoC/RTLBoriSoC.srcs/sources_1/new/reg.vhd:9' bound to instance 'reg_inst' of component 'reg' [C:/Users/ceran/Documents/RTLBoriSoC/RTLBoriSoC.srcs/sources_1/new/regs.vhd:67]
	Parameter w bound to: 32 - type: integer 
	Parameter rising bound to: 1 - type: bool 
INFO: [Synth 8-3491] module 'reg' declared at 'C:/Users/ceran/Documents/RTLBoriSoC/RTLBoriSoC.srcs/sources_1/new/reg.vhd:9' bound to instance 'reg_inst' of component 'reg' [C:/Users/ceran/Documents/RTLBoriSoC/RTLBoriSoC.srcs/sources_1/new/regs.vhd:67]
	Parameter w bound to: 32 - type: integer 
	Parameter rising bound to: 1 - type: bool 
INFO: [Synth 8-3491] module 'reg' declared at 'C:/Users/ceran/Documents/RTLBoriSoC/RTLBoriSoC.srcs/sources_1/new/reg.vhd:9' bound to instance 'reg_inst' of component 'reg' [C:/Users/ceran/Documents/RTLBoriSoC/RTLBoriSoC.srcs/sources_1/new/regs.vhd:67]
	Parameter w bound to: 32 - type: integer 
	Parameter rising bound to: 1 - type: bool 
INFO: [Synth 8-3491] module 'reg' declared at 'C:/Users/ceran/Documents/RTLBoriSoC/RTLBoriSoC.srcs/sources_1/new/reg.vhd:9' bound to instance 'reg_inst' of component 'reg' [C:/Users/ceran/Documents/RTLBoriSoC/RTLBoriSoC.srcs/sources_1/new/regs.vhd:67]
	Parameter w bound to: 32 - type: integer 
	Parameter rising bound to: 1 - type: bool 
INFO: [Synth 8-3491] module 'reg' declared at 'C:/Users/ceran/Documents/RTLBoriSoC/RTLBoriSoC.srcs/sources_1/new/reg.vhd:9' bound to instance 'reg_inst' of component 'reg' [C:/Users/ceran/Documents/RTLBoriSoC/RTLBoriSoC.srcs/sources_1/new/regs.vhd:67]
	Parameter w bound to: 32 - type: integer 
	Parameter rising bound to: 1 - type: bool 
INFO: [Synth 8-3491] module 'reg' declared at 'C:/Users/ceran/Documents/RTLBoriSoC/RTLBoriSoC.srcs/sources_1/new/reg.vhd:9' bound to instance 'reg_inst' of component 'reg' [C:/Users/ceran/Documents/RTLBoriSoC/RTLBoriSoC.srcs/sources_1/new/regs.vhd:67]
	Parameter w bound to: 32 - type: integer 
	Parameter rising bound to: 1 - type: bool 
INFO: [Synth 8-3491] module 'reg' declared at 'C:/Users/ceran/Documents/RTLBoriSoC/RTLBoriSoC.srcs/sources_1/new/reg.vhd:9' bound to instance 'reg_inst' of component 'reg' [C:/Users/ceran/Documents/RTLBoriSoC/RTLBoriSoC.srcs/sources_1/new/regs.vhd:67]
	Parameter w bound to: 32 - type: integer 
	Parameter rising bound to: 1 - type: bool 
INFO: [Synth 8-3491] module 'reg' declared at 'C:/Users/ceran/Documents/RTLBoriSoC/RTLBoriSoC.srcs/sources_1/new/reg.vhd:9' bound to instance 'reg_inst' of component 'reg' [C:/Users/ceran/Documents/RTLBoriSoC/RTLBoriSoC.srcs/sources_1/new/regs.vhd:67]
	Parameter w bound to: 32 - type: integer 
	Parameter rising bound to: 1 - type: bool 
INFO: [Synth 8-3491] module 'reg' declared at 'C:/Users/ceran/Documents/RTLBoriSoC/RTLBoriSoC.srcs/sources_1/new/reg.vhd:9' bound to instance 'reg_inst' of component 'reg' [C:/Users/ceran/Documents/RTLBoriSoC/RTLBoriSoC.srcs/sources_1/new/regs.vhd:67]
	Parameter w bound to: 32 - type: integer 
	Parameter rising bound to: 1 - type: bool 
INFO: [Synth 8-3491] module 'reg' declared at 'C:/Users/ceran/Documents/RTLBoriSoC/RTLBoriSoC.srcs/sources_1/new/reg.vhd:9' bound to instance 'reg_inst' of component 'reg' [C:/Users/ceran/Documents/RTLBoriSoC/RTLBoriSoC.srcs/sources_1/new/regs.vhd:67]
	Parameter w bound to: 32 - type: integer 
	Parameter rising bound to: 1 - type: bool 
INFO: [Synth 8-3491] module 'reg' declared at 'C:/Users/ceran/Documents/RTLBoriSoC/RTLBoriSoC.srcs/sources_1/new/reg.vhd:9' bound to instance 'reg_inst' of component 'reg' [C:/Users/ceran/Documents/RTLBoriSoC/RTLBoriSoC.srcs/sources_1/new/regs.vhd:67]
	Parameter w bound to: 32 - type: integer 
	Parameter rising bound to: 1 - type: bool 
INFO: [Synth 8-3491] module 'reg' declared at 'C:/Users/ceran/Documents/RTLBoriSoC/RTLBoriSoC.srcs/sources_1/new/reg.vhd:9' bound to instance 'reg_inst' of component 'reg' [C:/Users/ceran/Documents/RTLBoriSoC/RTLBoriSoC.srcs/sources_1/new/regs.vhd:67]
	Parameter w bound to: 32 - type: integer 
	Parameter rising bound to: 1 - type: bool 
INFO: [Synth 8-3491] module 'reg' declared at 'C:/Users/ceran/Documents/RTLBoriSoC/RTLBoriSoC.srcs/sources_1/new/reg.vhd:9' bound to instance 'reg_inst' of component 'reg' [C:/Users/ceran/Documents/RTLBoriSoC/RTLBoriSoC.srcs/sources_1/new/regs.vhd:67]
	Parameter w bound to: 32 - type: integer 
	Parameter rising bound to: 1 - type: bool 
INFO: [Synth 8-3491] module 'reg' declared at 'C:/Users/ceran/Documents/RTLBoriSoC/RTLBoriSoC.srcs/sources_1/new/reg.vhd:9' bound to instance 'reg_inst' of component 'reg' [C:/Users/ceran/Documents/RTLBoriSoC/RTLBoriSoC.srcs/sources_1/new/regs.vhd:67]
	Parameter w bound to: 32 - type: integer 
	Parameter rising bound to: 1 - type: bool 
INFO: [Synth 8-3491] module 'reg' declared at 'C:/Users/ceran/Documents/RTLBoriSoC/RTLBoriSoC.srcs/sources_1/new/reg.vhd:9' bound to instance 'reg_inst' of component 'reg' [C:/Users/ceran/Documents/RTLBoriSoC/RTLBoriSoC.srcs/sources_1/new/regs.vhd:67]
	Parameter w bound to: 32 - type: integer 
	Parameter rising bound to: 1 - type: bool 
INFO: [Synth 8-3491] module 'reg' declared at 'C:/Users/ceran/Documents/RTLBoriSoC/RTLBoriSoC.srcs/sources_1/new/reg.vhd:9' bound to instance 'reg_inst' of component 'reg' [C:/Users/ceran/Documents/RTLBoriSoC/RTLBoriSoC.srcs/sources_1/new/regs.vhd:67]
	Parameter w bound to: 32 - type: integer 
	Parameter rising bound to: 1 - type: bool 
INFO: [Synth 8-3491] module 'reg' declared at 'C:/Users/ceran/Documents/RTLBoriSoC/RTLBoriSoC.srcs/sources_1/new/reg.vhd:9' bound to instance 'reg_inst' of component 'reg' [C:/Users/ceran/Documents/RTLBoriSoC/RTLBoriSoC.srcs/sources_1/new/regs.vhd:67]
	Parameter N bound to: 5 - type: integer 
INFO: [Synth 8-3491] module 'MUX' declared at 'C:/Users/ceran/Documents/RTLBoriSoC/RTLBoriSoC.srcs/sources_1/new/MUX.vhd:28' bound to instance 'mux1_inst' of component 'MUX' [C:/Users/ceran/Documents/RTLBoriSoC/RTLBoriSoC.srcs/sources_1/new/regs.vhd:89]
INFO: [Synth 8-638] synthesizing module 'MUX__parameterized5' [C:/Users/ceran/Documents/RTLBoriSoC/RTLBoriSoC.srcs/sources_1/new/MUX.vhd:39]
	Parameter N bound to: 5 - type: integer 
INFO: [Synth 8-256] done synthesizing module 'MUX__parameterized5' (0#1) [C:/Users/ceran/Documents/RTLBoriSoC/RTLBoriSoC.srcs/sources_1/new/MUX.vhd:39]
	Parameter N bound to: 5 - type: integer 
INFO: [Synth 8-3491] module 'MUX' declared at 'C:/Users/ceran/Documents/RTLBoriSoC/RTLBoriSoC.srcs/sources_1/new/MUX.vhd:28' bound to instance 'mux2_inst' of component 'MUX' [C:/Users/ceran/Documents/RTLBoriSoC/RTLBoriSoC.srcs/sources_1/new/regs.vhd:99]
	Parameter N bound to: 5 - type: integer 
INFO: [Synth 8-3491] module 'MUX' declared at 'C:/Users/ceran/Documents/RTLBoriSoC/RTLBoriSoC.srcs/sources_1/new/MUX.vhd:28' bound to instance 'mux3_inst' of component 'MUX' [C:/Users/ceran/Documents/RTLBoriSoC/RTLBoriSoC.srcs/sources_1/new/regs.vhd:109]
INFO: [Synth 8-256] done synthesizing module 'regs' (0#1) [C:/Users/ceran/Documents/RTLBoriSoC/RTLBoriSoC.srcs/sources_1/new/regs.vhd:31]
	Parameter N bound to: 2 - type: integer 
INFO: [Synth 8-3491] module 'MUX' declared at 'C:/Users/ceran/Documents/RTLBoriSoC/RTLBoriSoC.srcs/sources_1/new/MUX.vhd:28' bound to instance 'regs_in_mux' of component 'MUX' [C:/Users/ceran/Documents/RTLBoriSoC/RTLBoriSoC.srcs/sources_1/new/cpu.vhd:282]
	Parameter N bound to: 1 - type: integer 
INFO: [Synth 8-3491] module 'MUX' declared at 'C:/Users/ceran/Documents/RTLBoriSoC/RTLBoriSoC.srcs/sources_1/new/MUX.vhd:28' bound to instance 'AUIPC_or_branch' of component 'MUX' [C:/Users/ceran/Documents/RTLBoriSoC/RTLBoriSoC.srcs/sources_1/new/cpu.vhd:296]
INFO: [Synth 8-3491] module 'FSM' declared at 'C:/Users/ceran/Documents/RTLBoriSoC/RTLBoriSoC.srcs/sources_1/new/FSM.vhd:22' bound to instance 'FSM_inst' of component 'FSM' [C:/Users/ceran/Documents/RTLBoriSoC/RTLBoriSoC.srcs/sources_1/new/cpu.vhd:310]
INFO: [Synth 8-638] synthesizing module 'FSM' [C:/Users/ceran/Documents/RTLBoriSoC/RTLBoriSoC.srcs/sources_1/new/FSM.vhd:36]
INFO: [Synth 8-256] done synthesizing module 'FSM' (0#1) [C:/Users/ceran/Documents/RTLBoriSoC/RTLBoriSoC.srcs/sources_1/new/FSM.vhd:36]
	Parameter w bound to: 32 - type: integer 
	Parameter rising bound to: 1 - type: bool 
INFO: [Synth 8-3491] module 'reg' declared at 'C:/Users/ceran/Documents/RTLBoriSoC/RTLBoriSoC.srcs/sources_1/new/reg.vhd:9' bound to instance 'instr_reg_inst' of component 'reg' [C:/Users/ceran/Documents/RTLBoriSoC/RTLBoriSoC.srcs/sources_1/new/cpu.vhd:322]
INFO: [Synth 8-3491] module 'instr_dec' declared at 'C:/Users/ceran/Documents/RTLBoriSoC/RTLBoriSoC.srcs/sources_1/new/instr_dec.vhd:11' bound to instance 'instr_decoder_inst' of component 'instr_dec' [C:/Users/ceran/Documents/RTLBoriSoC/RTLBoriSoC.srcs/sources_1/new/cpu.vhd:334]
INFO: [Synth 8-638] synthesizing module 'instr_dec' [C:/Users/ceran/Documents/RTLBoriSoC/RTLBoriSoC.srcs/sources_1/new/instr_dec.vhd:40]
INFO: [Synth 8-256] done synthesizing module 'instr_dec' (0#1) [C:/Users/ceran/Documents/RTLBoriSoC/RTLBoriSoC.srcs/sources_1/new/instr_dec.vhd:40]
	Parameter w bound to: 56 - type: integer 
	Parameter rising bound to: 1 - type: bool 
INFO: [Synth 8-3491] module 'reg' declared at 'C:/Users/ceran/Documents/RTLBoriSoC/RTLBoriSoC.srcs/sources_1/new/reg.vhd:9' bound to instance 'decoded_reg_inst' of component 'reg' [C:/Users/ceran/Documents/RTLBoriSoC/RTLBoriSoC.srcs/sources_1/new/cpu.vhd:358]
INFO: [Synth 8-638] synthesizing module 'reg__parameterized2' [C:/Users/ceran/Documents/RTLBoriSoC/RTLBoriSoC.srcs/sources_1/new/reg.vhd:23]
	Parameter w bound to: 56 - type: integer 
	Parameter rising bound to: 1 - type: bool 
INFO: [Synth 8-256] done synthesizing module 'reg__parameterized2' (0#1) [C:/Users/ceran/Documents/RTLBoriSoC/RTLBoriSoC.srcs/sources_1/new/reg.vhd:23]
	Parameter w bound to: 32 - type: integer 
	Parameter rising bound to: 1 - type: bool 
INFO: [Synth 8-3491] module 'reg' declared at 'C:/Users/ceran/Documents/RTLBoriSoC/RTLBoriSoC.srcs/sources_1/new/reg.vhd:9' bound to instance 'PC_inst' of component 'reg' [C:/Users/ceran/Documents/RTLBoriSoC/RTLBoriSoC.srcs/sources_1/new/cpu.vhd:401]
INFO: [Synth 8-3491] module 'INCf' declared at 'C:/Users/ceran/Documents/RTLBoriSoC/RTLBoriSoC.srcs/sources_1/new/INCf.vhd:6' bound to instance 'INCf_inst' of component 'INCf' [C:/Users/ceran/Documents/RTLBoriSoC/RTLBoriSoC.srcs/sources_1/new/cpu.vhd:414]
INFO: [Synth 8-638] synthesizing module 'INCf' [C:/Users/ceran/Documents/RTLBoriSoC/RTLBoriSoC.srcs/sources_1/new/INCf.vhd:13]
INFO: [Synth 8-256] done synthesizing module 'INCf' (0#1) [C:/Users/ceran/Documents/RTLBoriSoC/RTLBoriSoC.srcs/sources_1/new/INCf.vhd:13]
	Parameter N bound to: 1 - type: integer 
INFO: [Synth 8-3491] module 'MUX' declared at 'C:/Users/ceran/Documents/RTLBoriSoC/RTLBoriSoC.srcs/sources_1/new/MUX.vhd:28' bound to instance 'PC_branch_mux' of component 'MUX' [C:/Users/ceran/Documents/RTLBoriSoC/RTLBoriSoC.srcs/sources_1/new/cpu.vhd:420]
	Parameter N bound to: 3 - type: integer 
INFO: [Synth 8-3491] module 'MUX' declared at 'C:/Users/ceran/Documents/RTLBoriSoC/RTLBoriSoC.srcs/sources_1/new/MUX.vhd:28' bound to instance 'mem_datain_mux' of component 'MUX' [C:/Users/ceran/Documents/RTLBoriSoC/RTLBoriSoC.srcs/sources_1/new/cpu.vhd:459]
	Parameter w bound to: 8 - type: integer 
INFO: [Synth 8-3491] module 'signext' declared at 'C:/Users/ceran/Documents/RTLBoriSoC/RTLBoriSoC.srcs/sources_1/new/signext.vhd:7' bound to instance 'mem_byte_signext_inst' of component 'signext' [C:/Users/ceran/Documents/RTLBoriSoC/RTLBoriSoC.srcs/sources_1/new/cpu.vhd:471]
INFO: [Synth 8-638] synthesizing module 'signext__parameterized3' [C:/Users/ceran/Documents/RTLBoriSoC/RTLBoriSoC.srcs/sources_1/new/signext.vhd:17]
	Parameter w bound to: 8 - type: integer 
INFO: [Synth 8-256] done synthesizing module 'signext__parameterized3' (0#1) [C:/Users/ceran/Documents/RTLBoriSoC/RTLBoriSoC.srcs/sources_1/new/signext.vhd:17]
	Parameter w bound to: 16 - type: integer 
INFO: [Synth 8-3491] module 'signext' declared at 'C:/Users/ceran/Documents/RTLBoriSoC/RTLBoriSoC.srcs/sources_1/new/signext.vhd:7' bound to instance 'mem_half_signext_inst' of component 'signext' [C:/Users/ceran/Documents/RTLBoriSoC/RTLBoriSoC.srcs/sources_1/new/cpu.vhd:479]
INFO: [Synth 8-638] synthesizing module 'signext__parameterized5' [C:/Users/ceran/Documents/RTLBoriSoC/RTLBoriSoC.srcs/sources_1/new/signext.vhd:17]
	Parameter w bound to: 16 - type: integer 
INFO: [Synth 8-256] done synthesizing module 'signext__parameterized5' (0#1) [C:/Users/ceran/Documents/RTLBoriSoC/RTLBoriSoC.srcs/sources_1/new/signext.vhd:17]
	Parameter w bound to: 8 - type: integer 
INFO: [Synth 8-3491] module 'zeroext' declared at 'C:/Users/ceran/Documents/RTLBoriSoC/RTLBoriSoC.srcs/sources_1/new/zeroext.vhd:6' bound to instance 'mem_byte_zeroext_inst' of component 'zeroext' [C:/Users/ceran/Documents/RTLBoriSoC/RTLBoriSoC.srcs/sources_1/new/cpu.vhd:489]
INFO: [Synth 8-638] synthesizing module 'zeroext__parameterized3' [C:/Users/ceran/Documents/RTLBoriSoC/RTLBoriSoC.srcs/sources_1/new/zeroext.vhd:16]
	Parameter w bound to: 8 - type: integer 
INFO: [Synth 8-256] done synthesizing module 'zeroext__parameterized3' (0#1) [C:/Users/ceran/Documents/RTLBoriSoC/RTLBoriSoC.srcs/sources_1/new/zeroext.vhd:16]
	Parameter w bound to: 16 - type: integer 
INFO: [Synth 8-3491] module 'zeroext' declared at 'C:/Users/ceran/Documents/RTLBoriSoC/RTLBoriSoC.srcs/sources_1/new/zeroext.vhd:6' bound to instance 'mem_half_zeroext_inst' of component 'zeroext' [C:/Users/ceran/Documents/RTLBoriSoC/RTLBoriSoC.srcs/sources_1/new/cpu.vhd:497]
INFO: [Synth 8-638] synthesizing module 'zeroext__parameterized5' [C:/Users/ceran/Documents/RTLBoriSoC/RTLBoriSoC.srcs/sources_1/new/zeroext.vhd:16]
	Parameter w bound to: 16 - type: integer 
INFO: [Synth 8-256] done synthesizing module 'zeroext__parameterized5' (0#1) [C:/Users/ceran/Documents/RTLBoriSoC/RTLBoriSoC.srcs/sources_1/new/zeroext.vhd:16]
INFO: [Synth 8-256] done synthesizing module 'cpu' (0#1) [C:/Users/ceran/Documents/RTLBoriSoC/RTLBoriSoC.srcs/sources_1/new/cpu.vhd:34]
	Parameter SIMULATION bound to: 0 - type: bool 
INFO: [Synth 8-3491] module 'mem' declared at 'C:/Users/ceran/Documents/RTLBoriSoC/RTLBoriSoC.srcs/sources_1/new/mem.vhd:18' bound to instance 'mem_inst' of component 'mem' [C:/Users/ceran/Documents/RTLBoriSoC/RTLBoriSoC.srcs/sources_1/new/SOC.vhd:114]
INFO: [Synth 8-638] synthesizing module 'mem' [C:/Users/ceran/Documents/RTLBoriSoC/RTLBoriSoC.srcs/sources_1/new/mem.vhd:40]
	Parameter SIMULATION bound to: 0 - type: bool 
INFO: [Synth 8-256] done synthesizing module 'mem' (0#1) [C:/Users/ceran/Documents/RTLBoriSoC/RTLBoriSoC.srcs/sources_1/new/mem.vhd:40]
INFO: [Synth 8-256] done synthesizing module 'SOC' (0#1) [C:/Users/ceran/Documents/RTLBoriSoC/RTLBoriSoC.srcs/sources_1/new/SOC.vhd:28]
WARNING: [Synth 8-3848] Net branch_out in module/entity instr_dec does not have driver. [C:/Users/ceran/Documents/RTLBoriSoC/RTLBoriSoC.srcs/sources_1/new/instr_dec.vhd:27]
WARNING: [Synth 8-7129] Port addr[31] in module mem is either unconnected or has no load
WARNING: [Synth 8-7129] Port addr[30] in module mem is either unconnected or has no load
WARNING: [Synth 8-7129] Port addr[29] in module mem is either unconnected or has no load
WARNING: [Synth 8-7129] Port addr[28] in module mem is either unconnected or has no load
WARNING: [Synth 8-7129] Port addr[27] in module mem is either unconnected or has no load
WARNING: [Synth 8-7129] Port addr[26] in module mem is either unconnected or has no load
WARNING: [Synth 8-7129] Port addr[25] in module mem is either unconnected or has no load
WARNING: [Synth 8-7129] Port addr[24] in module mem is either unconnected or has no load
WARNING: [Synth 8-7129] Port addr[23] in module mem is either unconnected or has no load
WARNING: [Synth 8-7129] Port addr[22] in module mem is either unconnected or has no load
WARNING: [Synth 8-7129] Port addr[21] in module mem is either unconnected or has no load
WARNING: [Synth 8-7129] Port addr[20] in module mem is either unconnected or has no load
WARNING: [Synth 8-7129] Port addr[19] in module mem is either unconnected or has no load
WARNING: [Synth 8-7129] Port addr[18] in module mem is either unconnected or has no load
WARNING: [Synth 8-7129] Port addr[17] in module mem is either unconnected or has no load
WARNING: [Synth 8-7129] Port addr[16] in module mem is either unconnected or has no load
WARNING: [Synth 8-7129] Port addr[1] in module mem is either unconnected or has no load
WARNING: [Synth 8-7129] Port addr[0] in module mem is either unconnected or has no load
WARNING: [Synth 8-7129] Port addrPC[31] in module mem is either unconnected or has no load
WARNING: [Synth 8-7129] Port addrPC[30] in module mem is either unconnected or has no load
WARNING: [Synth 8-7129] Port addrPC[29] in module mem is either unconnected or has no load
WARNING: [Synth 8-7129] Port addrPC[28] in module mem is either unconnected or has no load
WARNING: [Synth 8-7129] Port addrPC[27] in module mem is either unconnected or has no load
WARNING: [Synth 8-7129] Port addrPC[26] in module mem is either unconnected or has no load
WARNING: [Synth 8-7129] Port addrPC[25] in module mem is either unconnected or has no load
WARNING: [Synth 8-7129] Port addrPC[24] in module mem is either unconnected or has no load
WARNING: [Synth 8-7129] Port addrPC[23] in module mem is either unconnected or has no load
WARNING: [Synth 8-7129] Port addrPC[22] in module mem is either unconnected or has no load
WARNING: [Synth 8-7129] Port addrPC[21] in module mem is either unconnected or has no load
WARNING: [Synth 8-7129] Port addrPC[20] in module mem is either unconnected or has no load
WARNING: [Synth 8-7129] Port addrPC[19] in module mem is either unconnected or has no load
WARNING: [Synth 8-7129] Port addrPC[18] in module mem is either unconnected or has no load
WARNING: [Synth 8-7129] Port addrPC[17] in module mem is either unconnected or has no load
WARNING: [Synth 8-7129] Port addrPC[16] in module mem is either unconnected or has no load
WARNING: [Synth 8-7129] Port addrPC[1] in module mem is either unconnected or has no load
WARNING: [Synth 8-7129] Port addrPC[0] in module mem is either unconnected or has no load
WARNING: [Synth 8-7129] Port branch_out in module instr_dec is either unconnected or has no load
WARNING: [Synth 8-7129] Port op[8] in module ALUdp is either unconnected or has no load
WARNING: [Synth 8-7129] Port op[7] in module ALUdp is either unconnected or has no load
WARNING: [Synth 8-7129] Port op[6] in module ALUdp is either unconnected or has no load
WARNING: [Synth 8-7129] Port op[5] in module ALUdp is either unconnected or has no load
WARNING: [Synth 8-7129] Port op[4] in module ALUdp is either unconnected or has no load
WARNING: [Synth 8-7129] Port op[3] in module ALUdp is either unconnected or has no load
WARNING: [Synth 8-7129] Port op[2] in module ALUdp is either unconnected or has no load
WARNING: [Synth 8-7129] Port op[1] in module ALUdp is either unconnected or has no load
WARNING: [Synth 8-7129] Port op[0] in module ALUdp is either unconnected or has no load
---------------------------------------------------------------------------------
Finished Synthesize : Time (s): cpu = 00:00:07 ; elapsed = 00:00:12 . Memory (MB): peak = 1215.070 ; gain = 584.484
---------------------------------------------------------------------------------
---------------------------------------------------------------------------------
Finished Constraint Validation : Time (s): cpu = 00:00:08 ; elapsed = 00:00:13 . Memory (MB): peak = 1215.070 ; gain = 584.484
---------------------------------------------------------------------------------
---------------------------------------------------------------------------------
Start Loading Part and Timing Information
---------------------------------------------------------------------------------
Loading part: xc7a100tcsg324-1
INFO: [Device 21-403] Loading part xc7a100tcsg324-1
---------------------------------------------------------------------------------
Finished Loading Part and Timing Information : Time (s): cpu = 00:00:08 ; elapsed = 00:00:13 . Memory (MB): peak = 1215.070 ; gain = 584.484
---------------------------------------------------------------------------------
INFO: [Synth 8-802] inferred FSM for state register 'state_reg' in module 'FSM'
---------------------------------------------------------------------------------------------------
                   State |                     New Encoding |                Previous Encoding 
---------------------------------------------------------------------------------------------------
                  iSTATE |                              000 |                              000
                 iSTATE3 |                              001 |                              001
                 iSTATE0 |                              010 |                              010
                 iSTATE1 |                              011 |                              011
                 iSTATE4 |                              100 |                              100
                 iSTATE2 |                              101 |                              101
---------------------------------------------------------------------------------------------------
INFO: [Synth 8-3354] encoded FSM with state register 'state_reg' using encoding 'sequential' in module 'FSM'
WARNING: [Synth 8-327] inferring latch for variable 'funct7_reg' [C:/Users/ceran/Documents/RTLBoriSoC/RTLBoriSoC.srcs/sources_1/new/instr_dec.vhd:76]
WARNING: [Synth 8-327] inferring latch for variable 'AUIPC_or_branch_sel_reg' [C:/Users/ceran/Documents/RTLBoriSoC/RTLBoriSoC.srcs/sources_1/new/instr_dec.vhd:83]
---------------------------------------------------------------------------------
Finished RTL Optimization Phase 2 : Time (s): cpu = 00:00:09 ; elapsed = 00:00:13 . Memory (MB): peak = 1215.070 ; gain = 584.484
---------------------------------------------------------------------------------
No constraint files found.
---------------------------------------------------------------------------------
Start RTL Component Statistics 
---------------------------------------------------------------------------------
Detailed RTL Component Info : 
+---Adders : 
	   3 Input   32 Bit       Adders := 1     
	   2 Input   32 Bit       Adders := 1     
+---XORs : 
	   2 Input     32 Bit         XORs := 1     
+---Registers : 
	               56 Bit    Registers := 1     
	               32 Bit    Registers := 36    
	                1 Bit    Registers := 6     
+---RAMs : 
	             512K Bit	(16384 X 32 bit)          RAMs := 1     
+---Muxes : 
	   2 Input   32 Bit        Muxes := 7     
	   4 Input   32 Bit        Muxes := 2     
	   2 Input    3 Bit        Muxes := 2     
	   6 Input    3 Bit        Muxes := 2     
	   6 Input    1 Bit        Muxes := 5     
---------------------------------------------------------------------------------
Finished RTL Component Statistics 
---------------------------------------------------------------------------------
---------------------------------------------------------------------------------
Start Part Resource Summary
---------------------------------------------------------------------------------
Part Resources:
DSPs: 240 (col length:80)
BRAMs: 270 (col length: RAMB18 80 RAMB36 40)
---------------------------------------------------------------------------------
Finished Part Resource Summary
---------------------------------------------------------------------------------
No constraint files found.
---------------------------------------------------------------------------------
Start Cross Boundary and Area Optimization
---------------------------------------------------------------------------------
WARNING: [Synth 8-7080] Parallel synthesis criteria is not met
WARNING: [Synth 8-7129] Port branch_out in module instr_dec is either unconnected or has no load
WARNING: [Synth 8-7129] Port op[8] in module ALUdp is either unconnected or has no load
WARNING: [Synth 8-7129] Port op[7] in module ALUdp is either unconnected or has no load
WARNING: [Synth 8-7129] Port op[6] in module ALUdp is either unconnected or has no load
WARNING: [Synth 8-7129] Port op[5] in module ALUdp is either unconnected or has no load
WARNING: [Synth 8-7129] Port op[4] in module ALUdp is either unconnected or has no load
WARNING: [Synth 8-7129] Port op[3] in module ALUdp is either unconnected or has no load
WARNING: [Synth 8-7129] Port op[2] in module ALUdp is either unconnected or has no load
WARNING: [Synth 8-7129] Port op[1] in module ALUdp is either unconnected or has no load
WARNING: [Synth 8-7129] Port op[0] in module ALUdp is either unconnected or has no load
WARNING: [Synth 8-3332] Sequential element (FSM_sequential_state_reg[2]) is unused and will be removed from module FSM.
WARNING: [Synth 8-3332] Sequential element (FSM_sequential_state_reg[1]) is unused and will be removed from module FSM.
WARNING: [Synth 8-3332] Sequential element (FSM_sequential_state_reg[0]) is unused and will be removed from module FSM.
WARNING: [Synth 8-3332] Sequential element (funct7_reg[6]) is unused and will be removed from module instr_dec.
WARNING: [Synth 8-3332] Sequential element (funct7_reg[5]) is unused and will be removed from module instr_dec.
WARNING: [Synth 8-3332] Sequential element (funct7_reg[4]) is unused and will be removed from module instr_dec.
WARNING: [Synth 8-3332] Sequential element (funct7_reg[3]) is unused and will be removed from module instr_dec.
WARNING: [Synth 8-3332] Sequential element (funct7_reg[2]) is unused and will be removed from module instr_dec.
WARNING: [Synth 8-3332] Sequential element (funct7_reg[1]) is unused and will be removed from module instr_dec.
WARNING: [Synth 8-3332] Sequential element (funct7_reg[0]) is unused and will be removed from module instr_dec.
WARNING: [Synth 8-3332] Sequential element (AUIPC_or_branch_sel_reg) is unused and will be removed from module instr_dec.
---------------------------------------------------------------------------------
Finished Cross Boundary and Area Optimization : Time (s): cpu = 00:00:12 ; elapsed = 00:00:29 . Memory (MB): peak = 1384.039 ; gain = 753.453
---------------------------------------------------------------------------------
No constraint files found.
---------------------------------------------------------------------------------
Start Timing Optimization
---------------------------------------------------------------------------------
---------------------------------------------------------------------------------
Finished Timing Optimization : Time (s): cpu = 00:00:12 ; elapsed = 00:00:30 . Memory (MB): peak = 1399.770 ; gain = 769.184
---------------------------------------------------------------------------------
---------------------------------------------------------------------------------
Start Technology Mapping
---------------------------------------------------------------------------------
---------------------------------------------------------------------------------
Finished Technology Mapping : Time (s): cpu = 00:00:12 ; elapsed = 00:00:30 . Memory (MB): peak = 1399.770 ; gain = 769.184
---------------------------------------------------------------------------------
---------------------------------------------------------------------------------
Start IO Insertion
---------------------------------------------------------------------------------
---------------------------------------------------------------------------------
Start Flattening Before IO Insertion
---------------------------------------------------------------------------------
---------------------------------------------------------------------------------
Finished Flattening Before IO Insertion
---------------------------------------------------------------------------------
---------------------------------------------------------------------------------
Start Final Netlist Cleanup
---------------------------------------------------------------------------------
---------------------------------------------------------------------------------
Finished Final Netlist Cleanup
---------------------------------------------------------------------------------
---------------------------------------------------------------------------------
Finished IO Insertion : Time (s): cpu = 00:00:16 ; elapsed = 00:00:35 . Memory (MB): peak = 1597.605 ; gain = 967.020
---------------------------------------------------------------------------------
---------------------------------------------------------------------------------
Start Renaming Generated Instances
---------------------------------------------------------------------------------
---------------------------------------------------------------------------------
Finished Renaming Generated Instances : Time (s): cpu = 00:00:16 ; elapsed = 00:00:35 . Memory (MB): peak = 1597.605 ; gain = 967.020
---------------------------------------------------------------------------------
---------------------------------------------------------------------------------
Start Rebuilding User Hierarchy
---------------------------------------------------------------------------------
---------------------------------------------------------------------------------
Finished Rebuilding User Hierarchy : Time (s): cpu = 00:00:16 ; elapsed = 00:00:35 . Memory (MB): peak = 1597.605 ; gain = 967.020
---------------------------------------------------------------------------------
---------------------------------------------------------------------------------
Start Renaming Generated Ports
---------------------------------------------------------------------------------
---------------------------------------------------------------------------------
Finished Renaming Generated Ports : Time (s): cpu = 00:00:16 ; elapsed = 00:00:35 . Memory (MB): peak = 1597.605 ; gain = 967.020
---------------------------------------------------------------------------------
---------------------------------------------------------------------------------
Start Handling Custom Attributes
---------------------------------------------------------------------------------
---------------------------------------------------------------------------------
Finished Handling Custom Attributes : Time (s): cpu = 00:00:16 ; elapsed = 00:00:35 . Memory (MB): peak = 1597.605 ; gain = 967.020
---------------------------------------------------------------------------------
---------------------------------------------------------------------------------
Start Renaming Generated Nets
---------------------------------------------------------------------------------
---------------------------------------------------------------------------------
Finished Renaming Generated Nets : Time (s): cpu = 00:00:16 ; elapsed = 00:00:35 . Memory (MB): peak = 1597.605 ; gain = 967.020
---------------------------------------------------------------------------------
---------------------------------------------------------------------------------
Start Writing Synthesis Report
---------------------------------------------------------------------------------

Report BlackBoxes: 
+-+--------------+----------+
| |BlackBox name |Instances |
+-+--------------+----------+
+-+--------------+----------+

Report Cell Usage: 
+-+-----+------+
| |Cell |Count |
+-+-----+------+
+-+-----+------+

Report Instance Areas: 
+------+---------+-------+------+
|      |Instance |Module |Cells |
+------+---------+-------+------+
|1     |top      |       |     0|
+------+---------+-------+------+
---------------------------------------------------------------------------------
Finished Writing Synthesis Report : Time (s): cpu = 00:00:16 ; elapsed = 00:00:35 . Memory (MB): peak = 1597.605 ; gain = 967.020
---------------------------------------------------------------------------------
Synthesis finished with 0 errors, 0 critical warnings and 73 warnings.
Synthesis Optimization Runtime : Time (s): cpu = 00:00:16 ; elapsed = 00:00:35 . Memory (MB): peak = 1597.605 ; gain = 967.020
Synthesis Optimization Complete : Time (s): cpu = 00:00:16 ; elapsed = 00:00:35 . Memory (MB): peak = 1597.605 ; gain = 967.020
INFO: [Project 1-571] Translating synthesized netlist
Netlist sorting complete. Time (s): cpu = 00:00:00 ; elapsed = 00:00:00 . Memory (MB): peak = 1598.645 ; gain = 0.000
INFO: [Project 1-570] Preparing netlist for logic optimization
INFO: [Opt 31-138] Pushed 0 inverter(s) to 0 load pin(s).
Netlist sorting complete. Time (s): cpu = 00:00:00 ; elapsed = 00:00:00 . Memory (MB): peak = 1723.582 ; gain = 0.000
INFO: [Project 1-111] Unisim Transformation Summary:
No Unisim elements were transformed.

Synth Design complete | Checksum: 417cc31e
INFO: [Common 17-83] Releasing license: Synthesis
150 Infos, 73 Warnings, 0 Critical Warnings and 0 Errors encountered.
synth_design completed successfully
synth_design: Time (s): cpu = 00:00:18 ; elapsed = 00:00:46 . Memory (MB): peak = 1723.582 ; gain = 1099.223
INFO: [Common 17-1381] The checkpoint 'C:/Users/ceran/Documents/RTLBoriSoC/RTLBoriSoC.runs/synth_1/SOC.dcp' has been generated.
INFO: [Vivado 12-24828] Executing command : report_utilization -file SOC_utilization_synth.rpt -pb SOC_utilization_synth.pb
INFO: [Common 17-206] Exiting Vivado at Sat Jun 14 14:36:58 2025...
[Sat Jun 14 14:36:59 2025] synth_1 finished
wait_on_runs: Time (s): cpu = 00:00:00 ; elapsed = 00:01:05 . Memory (MB): peak = 625.531 ; gain = 0.000
# report_timing_summary -file [current_run]/timing_summary.rpt
ERROR: [Common 17-53] User Exception: No open design. Please open an elaborated, synthesized or implemented design before executing this command.
INFO: [Common 17-206] Exiting Vivado at Sat Jun 14 14:36:59 2025...
